0	1	mikroCPIC1618.exe -MSF -DBG -pP16F877A -DL -O11111104 -fo8 -N"D:\swift_act project\MyProject.mcppi" -SP"C:\Users\Public\Documents\Mikroelektronika\mikroC PRO for PIC\Defs\" -SP"C:\Users\Public\Documents\Mikroelektronika\mikroC PRO for PIC\Uses\P16\" -SP"D:\swift_act project\" -SP"D:\swift act files\" -SP"D:\testo\" -SP"D:\timer 55555\" -SP"C:\Users\jojoe\OneDrive\Desktop\test_adc\" -IP"D:\swift act files\" "MyProject.c" "app.c" "gpt.c" "i2c.c" "Os.c" "__Lib_Math.mcl" "__Lib_MathDouble.mcl" "__Lib_System.mcl" "__Lib_Delays.mcl" "__Lib_CType.mcl" "__Lib_CString.mcl" "__Lib_CStdlib.mcl" "__Lib_CMath.mcl" "__Lib_MemManager.mcl" "__Lib_Conversions.mcl" "__Lib_Sprinti.mcl" "__Lib_Sprintl.mcl" "__Lib_Time.mcl" "__Lib_Trigonometry.mcl" "__Lib_Button.mcl" "__Lib_Keypad4x4.mcl" "__Lib_Manchester.mcl" "__Lib_OneWire.mcl" "__Lib_PS2.mcl" "__Lib_Sound.mcl" "__Lib_SoftI2C.mcl" "__Lib_SoftSPI.mcl" "__Lib_SoftUART.mcl" "__Lib_ADC_A_C.mcl" "__Lib_EEPROM.mcl" "__Lib_FLASH_RW.mcl" "__Lib_I2C_c34.mcl" "__Lib_PWM_c21.mcl" "__Lib_SPI_c345.mcl" "__Lib_UART_c67.mcl" "__Lib_PortExpander.mcl" "__Lib_CANSPI.mcl" "__Lib_CF.mcl" "__Lib_GlcdFonts.mcl" "__Lib_Glcd.mcl" "__Lib_LcdConsts.mcl" "__Lib_Lcd.mcl" "__Lib_RS485.mcl" "__Lib_S1D13700.mcl" "__Lib_T6963C.mcl" "__Lib_SPIGlcd.mcl" "__Lib_SPILcd.mcl" "__Lib_SPILcd8.mcl" "__Lib_SPIT6963C.mcl" "__Lib_EthEnc28j60.mcl" "__Lib_EthEnc24j600.mcl" "__Lib_TouchPanel.mcl"	 
hint: 0	1139	Available RAM: 352 [bytes], Available ROM: 8192 [bytes]	 
diagnostics: 0	122	Compilation Started	std_types.h
diagnostics: 61	123	Compiled Successfully	MyProject.c
hint: 12	1164	Variable 'current_state' has been eliminated by optimizer	MyProject.c
diagnostics: 0	122	Compilation Started	std_types.h
diagnostics: 300	123	Compiled Successfully	app.c
diagnostics: 0	122	Compilation Started	std_types.h
diagnostics: 58	123	Compiled Successfully	gpt.c
diagnostics: 0	122	Compilation Started	std_types.h
diagnostics: 30	123	Compiled Successfully	i2c.c
hint: 28	1354	 warning: "/*" within comment	D:\swift act files\Os.c
diagnostics: 0	122	Compilation Started	std_types.h
diagnostics: 103	123	Compiled Successfully	Os.c
diagnostics: 0	127	All files Compiled in 219 ms	 
hint: 0	1144	Used RAM (bytes): 89 (25%)  Free RAM (bytes): 263 (75%)	Used RAM (bytes): 89 (25%)  Free RAM (bytes): 263 (75%)
hint: 0	1144	Used ROM (program words): 2097 (26%)  Free ROM (program words): 6095 (74%)	Used ROM (program words): 2097 (26%)  Free ROM (program words): 6095 (74%)
diagnostics: 0	125	Project Linked Successfully	MyProject.mcppi
diagnostics: 0	128	Linked in 94 ms	 
diagnostics: 0	129	Project 'MyProject.mcppi' completed: 360 ms	 
diagnostics: 0	103	Finished successfully: 12 Jul 2020, 15:17:15	MyProject.mcppi
