;  LST file generated by mikroListExporter - v.2.0 
; Date/Time: 7/8/2020 7:57:21 PM
;----------------------------------------------

;Address Opcode 	ASM
0x0000	0x2EA8      	GOTO       1704
_interrupt:
0x0004	0x00FF      	MOVWF      R15
0x0005	0x0E03      	SWAPF      STATUS, 0
0x0006	0x0183      	CLRF       STATUS
0x0007	0x00B1      	MOVWF      ___saveSTATUS
0x0008	0x080A      	MOVF       PCLATH, 0
0x0009	0x00B2      	MOVWF      ___savePCLATH
0x000A	0x018A      	CLRF       PCLATH
0x000B	0x26A1      	CALL       _Os_newTimerTick
L_end_interrupt:
L__interrupt3:
0x000C	0x0832      	MOVF       ___savePCLATH, 0
0x000D	0x008A      	MOVWF      PCLATH
0x000E	0x0E31      	SWAPF      ___saveSTATUS, 0
0x000F	0x0083      	MOVWF      STATUS
0x0010	0x0EFF      	SWAPF      R15, 1
0x0011	0x0E7F      	SWAPF      R15, 0
0x0012	0x0009      	RETFIE
; end of _interrupt
_____DoIFC:
0x0013	0x1283      	BCF        STATUS, 5
0x0014	0x1303      	BCF        STATUS, 6
0x0015	0x0862      	MOVF       ___DoICPAddr+1, 0
0x0016	0x008A      	MOVWF      PCLATH
0x0017	0x0861      	MOVF       ___DoICPAddr, 0
0x0018	0x0082      	MOVWF      PCL
L_end_____DoIFC:
0x0019	0x0008      	RETURN
; end of _____DoIFC
_RES032:
0x001A	0x01F2      	CLRF       R2
0x001B	0x01F1      	CLRF       R1
0x001C	0x01F0      	CLRF       R0
0x001D	0x01F8      	CLRF       R8
0x001E	0x01F3      	CLRF       R3
0x001F	0x3000      	MOVLW      0
L_end_RES032:
0x0020	0x0008      	RETURN
; end of _RES032
_SPI1_Write:
0x0021	0x1283      	BCF        STATUS, 5
0x0022	0x1303      	BCF        STATUS, 6
0x0023	0x0822      	MOVF       FARG_SPI1_Write_data_, 0
0x0024	0x0093      	MOVWF      SSPBUF
L_SPI1_Write8:
0x0025	0x1683      	BSF        STATUS, 5
0x0026	0x1814      	BTFSC      SSPSTAT, 0
0x0027	0x282A      	GOTO       L_SPI1_Write9
0x0028	0x0000      	NOP
0x0029	0x2825      	GOTO       L_SPI1_Write8
L_SPI1_Write9:
0x002A	0x1283      	BCF        STATUS, 5
0x002B	0x0813      	MOVF       SSPBUF, 0
0x002C	0x00F0      	MOVWF      R0
L_end_SPI1_Write:
0x002D	0x0008      	RETURN
; end of _SPI1_Write
_FIXSIGN32:
0x002E	0x1FFA      	BTFSS      R10, 7
0x002F	0x13F2      	BCF        R2, 7
0x0030	0x3000      	MOVLW      0
L_end_FIXSIGN32:
0x0031	0x0008      	RETURN
; end of _FIXSIGN32
_I2C1_Is_Idle:
0x0032	0x1683      	BSF        STATUS, 5
0x0033	0x1303      	BCF        STATUS, 6
0x0034	0x1914      	BTFSC      SSPSTAT, 2
0x0035	0x2840      	GOTO       L_I2C1_Is_Idle0
0x0036	0x301F      	MOVLW      31
0x0037	0x0511      	ANDWF      SSPCON2, 0
0x0038	0x00F1      	MOVWF      R1
0x0039	0x0871      	MOVF       R1, 0
0x003A	0x3A00      	XORLW      0
0x003B	0x1D03      	BTFSS      STATUS, 2
0x003C	0x2840      	GOTO       L_I2C1_Is_Idle1
0x003D	0x3001      	MOVLW      1
0x003E	0x00F0      	MOVWF      R0
0x003F	0x2841      	GOTO       L_end_I2C1_Is_Idle
L_I2C1_Is_Idle1:
L_I2C1_Is_Idle0:
0x0040	0x01F0      	CLRF       R0
L_end_I2C1_Is_Idle:
0x0041	0x0008      	RETURN
; end of _I2C1_Is_Idle
_SETFUN32:
0x0042	0x157B      	BSF        R11, 2
0x0043	0x1FFB      	BTFSS      R11, 7
0x0044	0x284C      	GOTO       SETFUN32EEE
0x0045	0x3001      	MOVLW      1
0x0046	0x00F3      	MOVWF      R3
0x0047	0x01F2      	CLRF       R2
0x0048	0x01F1      	CLRF       R1
0x0049	0x01F0      	CLRF       R0
0x004A	0x0DFA      	RLF        R10, 1
0x004B	0x0CF2      	RRF        R2, 1
SETFUN32EEE:
0x004C	0x30FF      	MOVLW      255
L_end_SETFUN32:
0x004D	0x0008      	RETURN
; end of _SETFUN32
_SETFDZ32:
0x004E	0x15FB      	BSF        R11, 3
0x004F	0x30FF      	MOVLW      255
L_end_SETFDZ32:
0x0050	0x0008      	RETURN
; end of _SETFDZ32
_SETFOV32:
0x0051	0x14FB      	BSF        R11, 1
0x0052	0x1FFB      	BTFSS      R11, 7
0x0053	0x285B      	GOTO       SETFOV32EEE
0x0054	0x30FF      	MOVLW      255
0x0055	0x00F3      	MOVWF      R3
0x0056	0x00F2      	MOVWF      R2
0x0057	0x00F1      	MOVWF      R1
0x0058	0x00F0      	MOVWF      R0
0x0059	0x0DFA      	RLF        R10, 1
0x005A	0x0CF2      	RRF        R2, 1
SETFOV32EEE:
0x005B	0x30FF      	MOVLW      255
L_end_SETFOV32:
0x005C	0x0008      	RETURN
; end of _SETFOV32
_I2C1_Start:
0x005D	0x1283      	BCF        STATUS, 5
0x005E	0x1303      	BCF        STATUS, 6
0x005F	0x082A      	MOVF       __Lib_I2C_c34__I2C1_TIMEOUT, 0
0x0060	0x00EC      	MOVWF      I2C1_Start_timeout_L0
0x0061	0x082B      	MOVF       __Lib_I2C_c34__I2C1_TIMEOUT+1, 0
0x0062	0x00ED      	MOVWF      I2C1_Start_timeout_L0+1
0x0063	0x082C      	MOVF       __Lib_I2C_c34__I2C1_TIMEOUT+2, 0
0x0064	0x00EE      	MOVWF      I2C1_Start_timeout_L0+2
0x0065	0x082D      	MOVF       __Lib_I2C_c34__I2C1_TIMEOUT+3, 0
0x0066	0x00EF      	MOVWF      I2C1_Start_timeout_L0+3
0x0067	0x01EA      	CLRF       I2C1_Start_j_L0
0x0068	0x01EB      	CLRF       I2C1_Start_j_L0+1
L_I2C1_Start2:
0x0069	0x086B      	MOVF       I2C1_Start_j_L0+1, 0
0x006A	0x3C12      	SUBLW      18
0x006B	0x1D03      	BTFSS      STATUS, 2
0x006C	0x286F      	GOTO       L__I2C1_Start39
0x006D	0x086A      	MOVF       I2C1_Start_j_L0, 0
0x006E	0x3C8E      	SUBLW      142
L__I2C1_Start39:
0x006F	0x1C03      	BTFSS      STATUS, 0
0x0070	0x287B      	GOTO       L_I2C1_Start3
0x0071	0x2032      	CALL       _I2C1_Is_Idle
0x0072	0x0870      	MOVF       R0, 0
0x0073	0x1903      	BTFSC      STATUS, 2
0x0074	0x2876      	GOTO       L_I2C1_Start5
0x0075	0x287B      	GOTO       L_I2C1_Start3
L_I2C1_Start5:
0x0076	0x1283      	BCF        STATUS, 5
0x0077	0x0AEA      	INCF       I2C1_Start_j_L0, 1
0x0078	0x1903      	BTFSC      STATUS, 2
0x0079	0x0AEB      	INCF       I2C1_Start_j_L0+1, 1
0x007A	0x2869      	GOTO       L_I2C1_Start2
L_I2C1_Start3:
0x007B	0x1283      	BCF        STATUS, 5
0x007C	0x3012      	MOVLW      18
0x007D	0x026B      	SUBWF      I2C1_Start_j_L0+1, 0
0x007E	0x1D03      	BTFSS      STATUS, 2
0x007F	0x2882      	GOTO       L__I2C1_Start40
0x0080	0x308F      	MOVLW      143
0x0081	0x026A      	SUBWF      I2C1_Start_j_L0, 0
L__I2C1_Start40:
0x0082	0x1C03      	BTFSS      STATUS, 0
0x0083	0x2887      	GOTO       L_I2C1_Start6
0x0084	0x307B      	MOVLW      123
0x0085	0x00F0      	MOVWF      R0
0x0086	0x28B4      	GOTO       L_end_I2C1_Start
L_I2C1_Start6:
0x0087	0x1683      	BSF        STATUS, 5
0x0088	0x1411      	BSF        SSPCON2, 0
L_I2C1_Start8:
0x0089	0x1683      	BSF        STATUS, 5
0x008A	0x1C11      	BTFSS      SSPCON2, 0
0x008B	0x28B3      	GOTO       L_I2C1_Start9
0x008C	0x1283      	BCF        STATUS, 5
0x008D	0x082A      	MOVF       __Lib_I2C_c34__I2C1_TIMEOUT, 0
0x008E	0x042B      	IORWF      __Lib_I2C_c34__I2C1_TIMEOUT+1, 0
0x008F	0x042C      	IORWF      __Lib_I2C_c34__I2C1_TIMEOUT+2, 0
0x0090	0x042D      	IORWF      __Lib_I2C_c34__I2C1_TIMEOUT+3, 0
0x0091	0x1903      	BTFSC      STATUS, 2
0x0092	0x28B2      	GOTO       L_I2C1_Start10
0x0093	0x086C      	MOVF       I2C1_Start_timeout_L0, 0
0x0094	0x046D      	IORWF      I2C1_Start_timeout_L0+1, 0
0x0095	0x046E      	IORWF      I2C1_Start_timeout_L0+2, 0
0x0096	0x046F      	IORWF      I2C1_Start_timeout_L0+3, 0
0x0097	0x1D03      	BTFSS      STATUS, 2
0x0098	0x28AA      	GOTO       L_I2C1_Start11
0x0099	0x0860      	MOVF       _I2C1_Timeout_Ptr+2, 0
0x009A	0x0084      	MOVWF      FSR
0x009B	0x3005      	MOVLW      5
0x009C	0x0080      	MOVWF      INDF
0x009D	0x0A84      	INCF       FSR, 1
0x009E	0x085E      	MOVF       _I2C1_Timeout_Ptr, 0
0x009F	0x00E1      	MOVWF      ___DoICPAddr
0x00A0	0x085F      	MOVF       _I2C1_Timeout_Ptr+1, 0
0x00A1	0x00E2      	MOVWF      ___DoICPAddr+1
0x00A2	0x2013      	CALL       _____DoIFC
0x00A3	0x118A      	BCF        PCLATH, 3
0x00A4	0x120A      	BCF        PCLATH, 4
0x00A5	0x3001      	MOVLW      1
0x00A6	0x1283      	BCF        STATUS, 5
0x00A7	0x1303      	BCF        STATUS, 6
0x00A8	0x00F0      	MOVWF      R0
0x00A9	0x28B4      	GOTO       L_end_I2C1_Start
L_I2C1_Start11:
0x00AA	0x3001      	MOVLW      1
0x00AB	0x02EC      	SUBWF      I2C1_Start_timeout_L0, 1
0x00AC	0x1C03      	BTFSS      STATUS, 0
0x00AD	0x02ED      	SUBWF      I2C1_Start_timeout_L0+1, 1
0x00AE	0x1C03      	BTFSS      STATUS, 0
0x00AF	0x02EE      	SUBWF      I2C1_Start_timeout_L0+2, 1
0x00B0	0x1C03      	BTFSS      STATUS, 0
0x00B1	0x02EF      	SUBWF      I2C1_Start_timeout_L0+3, 1
L_I2C1_Start10:
0x00B2	0x2889      	GOTO       L_I2C1_Start8
L_I2C1_Start9:
0x00B3	0x01F0      	CLRF       R0
L_end_I2C1_Start:
0x00B4	0x0008      	RETURN
; end of _I2C1_Start
_SETIOV3224:
0x00B5	0x147B      	BSF        R11, 0
0x00B6	0x1FFB      	BTFSS      R11, 7
0x00B7	0x28C0      	GOTO       SETIOV3224EEE
0x00B8	0x01F2      	CLRF       R2
0x00B9	0x1FFA      	BTFSS      R10, 7
0x00BA	0x30FF      	MOVLW      255
0x00BB	0x00F2      	MOVWF      R2
0x00BC	0x00F1      	MOVWF      R1
0x00BD	0x00F0      	MOVWF      R0
0x00BE	0x0DFA      	RLF        R10, 1
0x00BF	0x0CF2      	RRF        R2, 1
SETIOV3224EEE:
0x00C0	0x30FF      	MOVLW      255
L_end_SETIOV3224:
0x00C1	0x0008      	RETURN
; end of _SETIOV3224
_NRM3232:
0x00C2	0x01A0      	CLRF       __math_tempbD
0x00C3	0x0872      	MOVF       R2, 0
0x00C4	0x1D03      	BTFSS      STATUS, 2
0x00C5	0x28D7      	GOTO       NORM3232
0x00C6	0x0871      	MOVF       R1, 0
0x00C7	0x00F2      	MOVWF      R2
0x00C8	0x0870      	MOVF       R0, 0
0x00C9	0x00F1      	MOVWF      R1
0x00CA	0x01F0      	CLRF       R0
0x00CB	0x15A0      	BSF        __math_tempbD, 3
0x00CC	0x0872      	MOVF       R2, 0
0x00CD	0x1D03      	BTFSS      STATUS, 2
0x00CE	0x28D7      	GOTO       NORM3232
0x00CF	0x0871      	MOVF       R1, 0
0x00D0	0x00F2      	MOVWF      R2
0x00D1	0x01F1      	CLRF       R1
0x00D2	0x11A0      	BCF        __math_tempbD, 3
0x00D3	0x1620      	BSF        __math_tempbD, 4
0x00D4	0x0872      	MOVF       R2, 0
0x00D5	0x1903      	BTFSC      STATUS, 2
0x00D6	0x28E5      	GOTO       JPNRES032
NORM3232:
0x00D7	0x0820      	MOVF       __math_tempbD, 0
0x00D8	0x02F3      	SUBWF      R3, 1
0x00D9	0x1D03      	BTFSS      STATUS, 2
0x00DA	0x1C03      	BTFSS      STATUS, 0
0x00DB	0x28E9      	GOTO       JPNSETFUN32
0x00DC	0x1003      	BCF        STATUS, 0
NORM3232A:
0x00DD	0x1BF2      	BTFSC      R2, 7
0x00DE	0x28ED      	GOTO       JMPNFIXSIGN32
0x00DF	0x0DF0      	RLF        R0, 1
0x00E0	0x0DF1      	RLF        R1, 1
0x00E1	0x0DF2      	RLF        R2, 1
0x00E2	0x0BF3      	DECFSZ     R3, 1
0x00E3	0x28DD      	GOTO       NORM3232A
0x00E4	0x28E9      	GOTO       JPNSETFUN32
JPNRES032:
0x00E5	0x3001      	MOVLW      1
0x00E6	0x00FC      	MOVWF      R12
0x00E7	0x201A      	CALL       _RES032
0x00E8	0x28F0      	GOTO       NORM32EEE
JPNSETFUN32:
0x00E9	0x3002      	MOVLW      2
0x00EA	0x00FC      	MOVWF      R12
0x00EB	0x2042      	CALL       _SETFUN32
0x00EC	0x28F0      	GOTO       NORM32EEE
JMPNFIXSIGN32:
0x00ED	0x3004      	MOVLW      4
0x00EE	0x00FC      	MOVWF      R12
0x00EF	0x202E      	CALL       _FIXSIGN32
NORM32EEE:
L_end_NRM3232:
0x00F0	0x0008      	RETURN
; end of _NRM3232
_I2C1_Wr:
0x00F1	0x1283      	BCF        STATUS, 5
0x00F2	0x1303      	BCF        STATUS, 6
0x00F3	0x118C      	BCF        PIR1, 3
0x00F4	0x0821      	MOVF       FARG_I2C1_Wr_data_, 0
0x00F5	0x0093      	MOVWF      SSPBUF
0x00F6	0x082A      	MOVF       __Lib_I2C_c34__I2C1_TIMEOUT, 0
0x00F7	0x00EA      	MOVWF      I2C1_Wr_timeout_L0
0x00F8	0x082B      	MOVF       __Lib_I2C_c34__I2C1_TIMEOUT+1, 0
0x00F9	0x00EB      	MOVWF      I2C1_Wr_timeout_L0+1
0x00FA	0x082C      	MOVF       __Lib_I2C_c34__I2C1_TIMEOUT+2, 0
0x00FB	0x00EC      	MOVWF      I2C1_Wr_timeout_L0+2
0x00FC	0x082D      	MOVF       __Lib_I2C_c34__I2C1_TIMEOUT+3, 0
0x00FD	0x00ED      	MOVWF      I2C1_Wr_timeout_L0+3
L_I2C1_Wr26:
0x00FE	0x1683      	BSF        STATUS, 5
0x00FF	0x1D14      	BTFSS      SSPSTAT, 2
0x0100	0x2928      	GOTO       L_I2C1_Wr27
0x0101	0x1283      	BCF        STATUS, 5
0x0102	0x082A      	MOVF       __Lib_I2C_c34__I2C1_TIMEOUT, 0
0x0103	0x042B      	IORWF      __Lib_I2C_c34__I2C1_TIMEOUT+1, 0
0x0104	0x042C      	IORWF      __Lib_I2C_c34__I2C1_TIMEOUT+2, 0
0x0105	0x042D      	IORWF      __Lib_I2C_c34__I2C1_TIMEOUT+3, 0
0x0106	0x1903      	BTFSC      STATUS, 2
0x0107	0x2927      	GOTO       L_I2C1_Wr28
0x0108	0x086A      	MOVF       I2C1_Wr_timeout_L0, 0
0x0109	0x046B      	IORWF      I2C1_Wr_timeout_L0+1, 0
0x010A	0x046C      	IORWF      I2C1_Wr_timeout_L0+2, 0
0x010B	0x046D      	IORWF      I2C1_Wr_timeout_L0+3, 0
0x010C	0x1D03      	BTFSS      STATUS, 2
0x010D	0x291F      	GOTO       L_I2C1_Wr29
0x010E	0x0860      	MOVF       _I2C1_Timeout_Ptr+2, 0
0x010F	0x0084      	MOVWF      FSR
0x0110	0x3004      	MOVLW      4
0x0111	0x0080      	MOVWF      INDF
0x0112	0x0A84      	INCF       FSR, 1
0x0113	0x085E      	MOVF       _I2C1_Timeout_Ptr, 0
0x0114	0x00E1      	MOVWF      ___DoICPAddr
0x0115	0x085F      	MOVF       _I2C1_Timeout_Ptr+1, 0
0x0116	0x00E2      	MOVWF      ___DoICPAddr+1
0x0117	0x2013      	CALL       _____DoIFC
0x0118	0x118A      	BCF        PCLATH, 3
0x0119	0x120A      	BCF        PCLATH, 4
0x011A	0x3001      	MOVLW      1
0x011B	0x1283      	BCF        STATUS, 5
0x011C	0x1303      	BCF        STATUS, 6
0x011D	0x00F0      	MOVWF      R0
0x011E	0x2961      	GOTO       L_end_I2C1_Wr
L_I2C1_Wr29:
0x011F	0x3001      	MOVLW      1
0x0120	0x02EA      	SUBWF      I2C1_Wr_timeout_L0, 1
0x0121	0x1C03      	BTFSS      STATUS, 0
0x0122	0x02EB      	SUBWF      I2C1_Wr_timeout_L0+1, 1
0x0123	0x1C03      	BTFSS      STATUS, 0
0x0124	0x02EC      	SUBWF      I2C1_Wr_timeout_L0+2, 1
0x0125	0x1C03      	BTFSS      STATUS, 0
0x0126	0x02ED      	SUBWF      I2C1_Wr_timeout_L0+3, 1
L_I2C1_Wr28:
0x0127	0x28FE      	GOTO       L_I2C1_Wr26
L_I2C1_Wr27:
0x0128	0x1283      	BCF        STATUS, 5
0x0129	0x082A      	MOVF       __Lib_I2C_c34__I2C1_TIMEOUT, 0
0x012A	0x00EA      	MOVWF      I2C1_Wr_timeout_L0
0x012B	0x082B      	MOVF       __Lib_I2C_c34__I2C1_TIMEOUT+1, 0
0x012C	0x00EB      	MOVWF      I2C1_Wr_timeout_L0+1
0x012D	0x082C      	MOVF       __Lib_I2C_c34__I2C1_TIMEOUT+2, 0
0x012E	0x00EC      	MOVWF      I2C1_Wr_timeout_L0+2
0x012F	0x082D      	MOVF       __Lib_I2C_c34__I2C1_TIMEOUT+3, 0
0x0130	0x00ED      	MOVWF      I2C1_Wr_timeout_L0+3
L_I2C1_Wr30:
0x0131	0x198C      	BTFSC      PIR1, 3
0x0132	0x2959      	GOTO       L_I2C1_Wr31
0x0133	0x082A      	MOVF       __Lib_I2C_c34__I2C1_TIMEOUT, 0
0x0134	0x042B      	IORWF      __Lib_I2C_c34__I2C1_TIMEOUT+1, 0
0x0135	0x042C      	IORWF      __Lib_I2C_c34__I2C1_TIMEOUT+2, 0
0x0136	0x042D      	IORWF      __Lib_I2C_c34__I2C1_TIMEOUT+3, 0
0x0137	0x1903      	BTFSC      STATUS, 2
0x0138	0x2958      	GOTO       L_I2C1_Wr32
0x0139	0x086A      	MOVF       I2C1_Wr_timeout_L0, 0
0x013A	0x046B      	IORWF      I2C1_Wr_timeout_L0+1, 0
0x013B	0x046C      	IORWF      I2C1_Wr_timeout_L0+2, 0
0x013C	0x046D      	IORWF      I2C1_Wr_timeout_L0+3, 0
0x013D	0x1D03      	BTFSS      STATUS, 2
0x013E	0x2950      	GOTO       L_I2C1_Wr33
0x013F	0x0860      	MOVF       _I2C1_Timeout_Ptr+2, 0
0x0140	0x0084      	MOVWF      FSR
0x0141	0x3004      	MOVLW      4
0x0142	0x0080      	MOVWF      INDF
0x0143	0x0A84      	INCF       FSR, 1
0x0144	0x085E      	MOVF       _I2C1_Timeout_Ptr, 0
0x0145	0x00E1      	MOVWF      ___DoICPAddr
0x0146	0x085F      	MOVF       _I2C1_Timeout_Ptr+1, 0
0x0147	0x00E2      	MOVWF      ___DoICPAddr+1
0x0148	0x2013      	CALL       _____DoIFC
0x0149	0x118A      	BCF        PCLATH, 3
0x014A	0x120A      	BCF        PCLATH, 4
0x014B	0x3001      	MOVLW      1
0x014C	0x1283      	BCF        STATUS, 5
0x014D	0x1303      	BCF        STATUS, 6
0x014E	0x00F0      	MOVWF      R0
0x014F	0x2961      	GOTO       L_end_I2C1_Wr
L_I2C1_Wr33:
0x0150	0x3001      	MOVLW      1
0x0151	0x02EA      	SUBWF      I2C1_Wr_timeout_L0, 1
0x0152	0x1C03      	BTFSS      STATUS, 0
0x0153	0x02EB      	SUBWF      I2C1_Wr_timeout_L0+1, 1
0x0154	0x1C03      	BTFSS      STATUS, 0
0x0155	0x02EC      	SUBWF      I2C1_Wr_timeout_L0+2, 1
0x0156	0x1C03      	BTFSS      STATUS, 0
0x0157	0x02ED      	SUBWF      I2C1_Wr_timeout_L0+3, 1
L_I2C1_Wr32:
0x0158	0x2931      	GOTO       L_I2C1_Wr30
L_I2C1_Wr31:
0x0159	0x1683      	BSF        STATUS, 5
0x015A	0x1B11      	BTFSC      SSPCON2, 6
0x015B	0x295E      	GOTO       L_I2C1_Wr34
0x015C	0x01F0      	CLRF       R0
0x015D	0x2961      	GOTO       L_end_I2C1_Wr
L_I2C1_Wr34:
0x015E	0x1511      	BSF        SSPCON2, 2
0x015F	0x3002      	MOVLW      2
0x0160	0x00F0      	MOVWF      R0
L_end_I2C1_Wr:
0x0161	0x0008      	RETURN
; end of _I2C1_Wr
_Delay_22us:
0x0162	0x300E      	MOVLW      14
0x0163	0x1283      	BCF        STATUS, 5
0x0164	0x1303      	BCF        STATUS, 6
0x0165	0x00FD      	MOVWF      R13
L_Delay_22us1:
0x0166	0x0BFD      	DECFSZ     R13, 1
0x0167	0x2966      	GOTO       L_Delay_22us1
0x0168	0x0000      	NOP
L_end_Delay_22us:
0x0169	0x0008      	RETURN
; end of _Delay_22us
_I2C1_Stop:
0x016A	0x1683      	BSF        STATUS, 5
0x016B	0x1303      	BCF        STATUS, 6
0x016C	0x1511      	BSF        SSPCON2, 2
L_end_I2C1_Stop:
0x016D	0x0008      	RETURN
; end of _I2C1_Stop
_I2C1_Init:
0x016E	0x3032      	MOVLW      _I2C1_Is_Idle
0x016F	0x1283      	BCF        STATUS, 5
0x0170	0x1303      	BCF        STATUS, 6
0x0171	0x00D8      	MOVWF      _I2C_Is_Idle_Ptr
0x0172	0x3000      	MOVLW      hi_addr(_I2C1_Is_Idle)
0x0173	0x00D9      	MOVWF      _I2C_Is_Idle_Ptr+1
0x0174	0x3000      	MOVLW      0
0x0175	0x00DA      	MOVWF      _I2C_Is_Idle_Ptr+2
0x0176	0x3000      	MOVLW      0
0x0177	0x305D      	MOVLW      _I2C1_Start
0x0178	0x00CC      	MOVWF      _I2C_Start_Ptr
0x0179	0x3000      	MOVLW      hi_addr(_I2C1_Start)
0x017A	0x00CD      	MOVWF      _I2C_Start_Ptr+1
0x017B	0x3000      	MOVLW      0
0x017C	0x00CE      	MOVWF      _I2C_Start_Ptr+2
0x017D	0x3000      	MOVLW      0
0x017E	0x30FF      	MOVLW      _I2C1_Repeated_Start
0x017F	0x00C9      	MOVWF      _I2C_Restart_Ptr
0x0180	0x30FF      	MOVLW      hi_addr(_I2C1_Repeated_Start)
0x0181	0x00CA      	MOVWF      _I2C_Restart_Ptr+1
0x0182	0x3000      	MOVLW      0
0x0183	0x00CB      	MOVWF      _I2C_Restart_Ptr+2
0x0184	0x3000      	MOVLW      0
0x0185	0x30FF      	MOVLW      _I2C1_Rd
0x0186	0x00CF      	MOVWF      _I2C_Read_Ptr
0x0187	0x30FF      	MOVLW      hi_addr(_I2C1_Rd)
0x0188	0x00D0      	MOVWF      _I2C_Read_Ptr+1
0x0189	0x30FF      	MOVLW      FARG_I2C1_Rd_ack
0x018A	0x00D1      	MOVWF      _I2C_Read_Ptr+2
0x018B	0x30FF      	MOVLW      hi_addr(FARG_I2C1_Rd_ack)
0x018C	0x30F1      	MOVLW      _I2C1_Wr
0x018D	0x00D5      	MOVWF      _I2C_Write_Ptr
0x018E	0x3000      	MOVLW      hi_addr(_I2C1_Wr)
0x018F	0x00D6      	MOVWF      _I2C_Write_Ptr+1
0x0190	0x3021      	MOVLW      FARG_I2C1_Wr_data_
0x0191	0x00D7      	MOVWF      _I2C_Write_Ptr+2
0x0192	0x3000      	MOVLW      hi_addr(FARG_I2C1_Wr_data_)
0x0193	0x306A      	MOVLW      _I2C1_Stop
0x0194	0x00D2      	MOVWF      _I2C_Stop_Ptr
0x0195	0x3001      	MOVLW      hi_addr(_I2C1_Stop)
0x0196	0x00D3      	MOVWF      _I2C_Stop_Ptr+1
0x0197	0x3000      	MOVLW      0
0x0198	0x00D4      	MOVWF      _I2C_Stop_Ptr+2
0x0199	0x3000      	MOVLW      0
0x019A	0x1683      	BSF        STATUS, 5
0x019B	0x1314      	BCF        SSPSTAT, 6
0x019C	0x1394      	BCF        SSPSTAT, 7
0x019D	0x1607      	BSF        TRISC4_bit, BitPos(TRISC4_bit+0)
0x019E	0x1587      	BSF        TRISC3_bit, BitPos(TRISC3_bit+0)
0x019F	0x3038      	MOVLW      56
0x01A0	0x1283      	BCF        STATUS, 5
0x01A1	0x0094      	MOVWF      SSPCON
L_end_I2C1_Init:
0x01A2	0x0008      	RETURN
; end of _I2C1_Init
_ADC_Read:
0x01A3	0x1283      	BCF        STATUS, 5
0x01A4	0x1303      	BCF        STATUS, 6
0x01A5	0x019F      	CLRF       ADCON0
0x01A6	0x30C0      	MOVLW      192
0x01A7	0x049F      	IORWF      ADCON0, 1
0x01A8	0x0928      	COMF       _vref_mask, 0
0x01A9	0x00F0      	MOVWF      R0
0x01AA	0x0870      	MOVF       R0, 0
0x01AB	0x1683      	BSF        STATUS, 5
0x01AC	0x059F      	ANDWF      ADCON1, 1
0x01AD	0x171F      	BSF        ADCON1, 6
0x01AE	0x179F      	BSF        ADCON1, 7
0x01AF	0x1283      	BCF        STATUS, 5
0x01B0	0x0866      	MOVF       FARG_ADC_Read_channel, 0
0x01B1	0x00F0      	MOVWF      R0
0x01B2	0x0DF0      	RLF        R0, 1
0x01B3	0x1070      	BCF        R0, 0
0x01B4	0x0DF0      	RLF        R0, 1
0x01B5	0x1070      	BCF        R0, 0
0x01B6	0x0DF0      	RLF        R0, 1
0x01B7	0x1070      	BCF        R0, 0
0x01B8	0x0870      	MOVF       R0, 0
0x01B9	0x049F      	IORWF      ADCON0, 1
0x01BA	0x141F      	BSF        ADCON0, 0
0x01BB	0x2162      	CALL       _Delay_22us
0x01BC	0x151F      	BSF        ADCON0, 2
L_ADC_Read2:
0x01BD	0x1D1F      	BTFSS      ADCON0, 2
0x01BE	0x29C1      	GOTO       L_ADC_Read3
0x01BF	0x0000      	NOP
0x01C0	0x29BD      	GOTO       L_ADC_Read2
L_ADC_Read3:
0x01C1	0x101F      	BCF        ADCON0, 0
0x01C2	0x081E      	MOVF       ADRESH, 0
0x01C3	0x00F1      	MOVWF      R0+1
0x01C4	0x01F0      	CLRF       R0
0x01C5	0x1683      	BSF        STATUS, 5
0x01C6	0x081E      	MOVF       ADRESL, 0
0x01C7	0x04F0      	IORWF      R0, 1
0x01C8	0x3000      	MOVLW      0
0x01C9	0x04F1      	IORWF      R0+1, 1
L_end_ADC_Read:
0x01CA	0x0008      	RETURN
; end of _ADC_Read
_EEPROM_writeByte:
0x01CB	0x205D      	CALL       _I2C1_Start
0x01CC	0x30A2      	MOVLW      162
0x01CD	0x1283      	BCF        STATUS, 5
0x01CE	0x1303      	BCF        STATUS, 6
0x01CF	0x00A1      	MOVWF      FARG_I2C1_Wr_data_
0x01D0	0x20F1      	CALL       _I2C1_Wr
0x01D1	0x1283      	BCF        STATUS, 5
0x01D2	0x1303      	BCF        STATUS, 6
0x01D3	0x0867      	MOVF       FARG_EEPROM_writeByte_add, 0
0x01D4	0x00A1      	MOVWF      FARG_I2C1_Wr_data_
0x01D5	0x20F1      	CALL       _I2C1_Wr
0x01D6	0x1283      	BCF        STATUS, 5
0x01D7	0x1303      	BCF        STATUS, 6
0x01D8	0x0866      	MOVF       FARG_EEPROM_writeByte_my_data, 0
0x01D9	0x00A1      	MOVWF      FARG_I2C1_Wr_data_
0x01DA	0x20F1      	CALL       _I2C1_Wr
0x01DB	0x216A      	CALL       _I2C1_Stop
L_end_EEPROM_writeByte:
0x01DC	0x0008      	RETURN
; end of _EEPROM_writeByte
_Div_32x32_FP:
0x01DD	0x1283      	BCF        STATUS, 5
0x01DE	0x1303      	BCF        STATUS, 6
0x01DF	0x0874      	MOVF       R4, 0
0x01E0	0x3A00      	XORLW      0
0x01E1	0x1D03      	BTFSS      STATUS, 2
0x01E2	0x29F8      	GOTO       L_Div_32x32_FP7
0x01E3	0x0875      	MOVF       R5, 0
0x01E4	0x3A00      	XORLW      0
0x01E5	0x1D03      	BTFSS      STATUS, 2
0x01E6	0x29F8      	GOTO       L_Div_32x32_FP8
0x01E7	0x0876      	MOVF       R6, 0
0x01E8	0x3A00      	XORLW      0
0x01E9	0x1D03      	BTFSS      STATUS, 2
0x01EA	0x29F8      	GOTO       L_Div_32x32_FP9
0x01EB	0x0877      	MOVF       R7, 0
0x01EC	0x3A00      	XORLW      0
0x01ED	0x1D03      	BTFSS      STATUS, 2
0x01EE	0x29F8      	GOTO       L_Div_32x32_FP10
0x01EF	0x30FF      	MOVLW      255
0x01F0	0x00F0      	MOVWF      R0
0x01F1	0x30FF      	MOVLW      255
0x01F2	0x00F1      	MOVWF      R1
0x01F3	0x307F      	MOVLW      127
0x01F4	0x00F2      	MOVWF      R2
0x01F5	0x30FF      	MOVLW      255
0x01F6	0x00F3      	MOVWF      R3
0x01F7	0x2A93      	GOTO       L_end_Div_32x32_FP
L_Div_32x32_FP10:
L_Div_32x32_FP9:
L_Div_32x32_FP8:
L_Div_32x32_FP7:
0x01F8	0x1283      	BCF        STATUS, 5
0x01F9	0x1303      	BCF        STATUS, 6
0x01FA	0x0877      	MOVF       R7, 0
0x01FB	0x1903      	BTFSC      STATUS, 2
0x01FC	0x2A87      	GOTO       JPDSETFDZ32
0x01FD	0x0873      	MOVF       R3, 0
0x01FE	0x1903      	BTFSC      STATUS, 2
0x01FF	0x2A8A      	GOTO       JPDRES032
0x0200	0x0872      	MOVF       R2, 0
0x0201	0x0676      	XORWF      R6, 0
0x0202	0x3980      	ANDLW      128
0x0203	0x00FA      	MOVWF      R10
0x0204	0x17F2      	BSF        R2, 7
0x0205	0x17F6      	BSF        R6, 7
0x0206	0x01A0      	CLRF       __math_tempbD
0x0207	0x0872      	MOVF       R2, 0
0x0208	0x00F8      	MOVWF      R8
0x0209	0x0871      	MOVF       R1, 0
0x020A	0x00FC      	MOVWF      R12
0x020B	0x0870      	MOVF       R0, 0
0x020C	0x00FD      	MOVWF      R13
0x020D	0x0874      	MOVF       R4, 0
0x020E	0x02FD      	SUBWF      R13, 1
0x020F	0x0875      	MOVF       R5, 0
0x0210	0x1C03      	BTFSS      STATUS, 0
0x0211	0x0F75      	INCFSZ     R5, 0
0x0212	0x02FC      	SUBWF      R12, 1
0x0213	0x0876      	MOVF       R6, 0
0x0214	0x1C03      	BTFSS      STATUS, 0
0x0215	0x0F76      	INCFSZ     R6, 0
0x0216	0x02F8      	SUBWF      R8, 1
0x0217	0x01F8      	CLRF       R8
0x0218	0x01FC      	CLRF       R12
0x0219	0x01FD      	CLRF       R13
0x021A	0x1C03      	BTFSS      STATUS, 0
0x021B	0x2A23      	GOTO       DALIGN32OK
0x021C	0x1003      	BCF        STATUS, 0
0x021D	0x0CF2      	RRF        R2, 1
0x021E	0x0CF1      	RRF        R1, 1
0x021F	0x0CF0      	RRF        R0, 1
0x0220	0x0CF8      	RRF        R8, 1
0x0221	0x3001      	MOVLW      1
0x0222	0x00A0      	MOVWF      __math_tempbD
DALIGN32OK:
0x0223	0x0877      	MOVF       R7, 0
0x0224	0x02F3      	SUBWF      R3, 1
0x0225	0x1C03      	BTFSS      STATUS, 0
0x0226	0x2A2D      	GOTO       ALTB32
0x0227	0x307E      	MOVLW      126
0x0228	0x0720      	ADDWF      __math_tempbD, 0
0x0229	0x07F3      	ADDWF      R3, 1
0x022A	0x1803      	BTFSC      STATUS, 0
0x022B	0x2A8D      	GOTO       JPDSETFOV32
0x022C	0x2A32      	GOTO       DARGOK32
ALTB32:
0x022D	0x307E      	MOVLW      126
0x022E	0x0720      	ADDWF      __math_tempbD, 0
0x022F	0x07F3      	ADDWF      R3, 1
0x0230	0x1C03      	BTFSS      STATUS, 0
0x0231	0x2A90      	GOTO       JPDSETFUN32
DARGOK32:
0x0232	0x3018      	MOVLW      24
0x0233	0x07FA      	ADDWF      R10, 1
DLOOP32:
0x0234	0x0DFD      	RLF        R13, 1
0x0235	0x0DFC      	RLF        R12, 1
0x0236	0x0DF8      	RLF        R8, 1
0x0237	0x0DF0      	RLF        R0, 1
0x0238	0x0DF1      	RLF        R1, 1
0x0239	0x0DF2      	RLF        R2, 1
0x023A	0x0DA0      	RLF        __math_tempbD, 1
0x023B	0x0874      	MOVF       R4, 0
0x023C	0x02F0      	SUBWF      R0, 1
0x023D	0x0875      	MOVF       R5, 0
0x023E	0x1C03      	BTFSS      STATUS, 0
0x023F	0x0F75      	INCFSZ     R5, 0
0x0240	0x02F1      	SUBWF      R1, 1
0x0241	0x0876      	MOVF       R6, 0
0x0242	0x1C03      	BTFSS      STATUS, 0
0x0243	0x0F76      	INCFSZ     R6, 0
0x0244	0x02F2      	SUBWF      R2, 1
0x0245	0x0D76      	RLF        R6, 0
0x0246	0x04A0      	IORWF      __math_tempbD, 1
0x0247	0x1C20      	BTFSS      __math_tempbD, 0
0x0248	0x2A4B      	GOTO       DREST32
0x0249	0x147D      	BSF        R13, 0
0x024A	0x2A56      	GOTO       DOK32
DREST32:
0x024B	0x0874      	MOVF       R4, 0
0x024C	0x07F0      	ADDWF      R0, 1
0x024D	0x0875      	MOVF       R5, 0
0x024E	0x1803      	BTFSC      STATUS, 0
0x024F	0x0F75      	INCFSZ     R5, 0
0x0250	0x07F1      	ADDWF      R1, 1
0x0251	0x0876      	MOVF       R6, 0
0x0252	0x1803      	BTFSC      STATUS, 0
0x0253	0x0A76      	INCF       R6, 0
0x0254	0x07F2      	ADDWF      R2, 1
0x0255	0x107D      	BCF        R13, 0
DOK32:
0x0256	0x03FA      	DECF       R10, 1
0x0257	0x301F      	MOVLW      31
0x0258	0x057A      	ANDWF      R10, 0
0x0259	0x1D03      	BTFSS      STATUS, 2
0x025A	0x2A34      	GOTO       DLOOP32
0x025B	0x1B7B      	BTFSC      R11, 6
0x025C	0x1C7D      	BTFSS      R13, 0
0x025D	0x2A7D      	GOTO       DIV32OK
0x025E	0x1003      	BCF        STATUS, 0
0x025F	0x0DF0      	RLF        R0, 1
0x0260	0x0DF1      	RLF        R1, 1
0x0261	0x0DF2      	RLF        R2, 1
0x0262	0x0DA0      	RLF        __math_tempbD, 1
0x0263	0x0874      	MOVF       R4, 0
0x0264	0x02F0      	SUBWF      R0, 1
0x0265	0x0875      	MOVF       R5, 0
0x0266	0x1C03      	BTFSS      STATUS, 0
0x0267	0x0F75      	INCFSZ     R5, 0
0x0268	0x02F1      	SUBWF      R1, 1
0x0269	0x0876      	MOVF       R6, 0
0x026A	0x1C03      	BTFSS      STATUS, 0
0x026B	0x0F76      	INCFSZ     R6, 0
0x026C	0x02F2      	SUBWF      R2, 1
0x026D	0x0D76      	RLF        R6, 0
0x026E	0x0420      	IORWF      __math_tempbD, 0
0x026F	0x3901      	ANDLW      1
0x0270	0x07FD      	ADDWF      R13, 1
0x0271	0x1803      	BTFSC      STATUS, 0
0x0272	0x0AFC      	INCF       R12, 1
0x0273	0x1903      	BTFSC      STATUS, 2
0x0274	0x0AF8      	INCF       R8, 1
0x0275	0x1D03      	BTFSS      STATUS, 2
0x0276	0x2A7D      	GOTO       DIV32OK
0x0277	0x0CF8      	RRF        R8, 1
0x0278	0x0CFC      	RRF        R12, 1
0x0279	0x0CFD      	RRF        R13, 1
0x027A	0x0AF3      	INCF       R3, 1
0x027B	0x1903      	BTFSC      STATUS, 2
0x027C	0x2A8D      	GOTO       JPDSETFOV32
DIV32OK:
0x027D	0x1FFA      	BTFSS      R10, 7
0x027E	0x13F8      	BCF        R8, 7
0x027F	0x0878      	MOVF       R8, 0
0x0280	0x00F2      	MOVWF      R2
0x0281	0x087C      	MOVF       R12, 0
0x0282	0x00F1      	MOVWF      R1
0x0283	0x087D      	MOVF       R13, 0
0x0284	0x00F0      	MOVWF      R0
0x0285	0x3000      	MOVLW      0
0x0286	0x2A92      	GOTO       DIV32EEE
JPDSETFDZ32:
0x0287	0x3001      	MOVLW      1
0x0288	0x204E      	CALL       _SETFDZ32
0x0289	0x2A92      	GOTO       DIV32EEE
JPDRES032:
0x028A	0x3002      	MOVLW      2
0x028B	0x201A      	CALL       _RES032
0x028C	0x2A92      	GOTO       DIV32EEE
JPDSETFOV32:
0x028D	0x3004      	MOVLW      4
0x028E	0x2051      	CALL       _SETFOV32
0x028F	0x2A92      	GOTO       DIV32EEE
JPDSETFUN32:
0x0290	0x3008      	MOVLW      8
0x0291	0x2042      	CALL       _SETFUN32
DIV32EEE:
0x0292	0x0000      	NOP
L_end_Div_32x32_FP:
0x0293	0x0008      	RETURN
; end of _Div_32x32_FP
_word2double:
0x0294	0x1283      	BCF        STATUS, 5
0x0295	0x1303      	BCF        STATUS, 6
0x0296	0x0870      	MOVF       R0, 0
0x0297	0x00F8      	MOVWF      R8
0x0298	0x0871      	MOVF       R1, 0
0x0299	0x00F0      	MOVWF      R0
0x029A	0x01F1      	CLRF       R1
0x029B	0x01F2      	CLRF       R2
0x029C	0x01F3      	CLRF       R3
0x029D	0x01FB      	CLRF       R11
0x029E	0x01FC      	CLRF       R12
0x029F	0x3096      	MOVLW      150
0x02A0	0x00F3      	MOVWF      R3
0x02A1	0x01FA      	CLRF       R10
0x02A2	0x0870      	MOVF       R0, 0
0x02A3	0x00F1      	MOVWF      R1
0x02A4	0x0878      	MOVF       R8, 0
0x02A5	0x00F0      	MOVWF      R0
0x02A6	0x01F8      	CLRF       R8
0x02A7	0x01F2      	CLRF       R2
0x02A8	0x20C2      	CALL       _NRM3232
L_end_word2double:
0x02A9	0x0008      	RETURN
; end of _word2double
_Div_16X16_U:
0x02AA	0x1283      	BCF        STATUS, 5
0x02AB	0x1303      	BCF        STATUS, 6
0x02AC	0x01F8      	CLRF       R8
0x02AD	0x01F9      	CLRF       R9
0x02AE	0x3010      	MOVLW      16
0x02AF	0x00FC      	MOVWF      R12
0x02B0	0x0D71      	RLF        R1, 0
0x02B1	0x0DF8      	RLF        R8, 1
0x02B2	0x0DF9      	RLF        R9, 1
0x02B3	0x0874      	MOVF       R4, 0
0x02B4	0x02F8      	SUBWF      R8, 1
0x02B5	0x0875      	MOVF       R5, 0
0x02B6	0x1C03      	BTFSS      STATUS, 0
0x02B7	0x0F75      	INCFSZ     R5, 0
0x02B8	0x02F9      	SUBWF      R9, 1
0x02B9	0x1803      	BTFSC      STATUS, 0
0x02BA	0x2AC2      	GOTO       $+8
0x02BB	0x0874      	MOVF       R4, 0
0x02BC	0x07F8      	ADDWF      R8, 1
0x02BD	0x0875      	MOVF       R5, 0
0x02BE	0x1803      	BTFSC      STATUS, 0
0x02BF	0x0F75      	INCFSZ     R5, 0
0x02C0	0x07F9      	ADDWF      R9, 1
0x02C1	0x1003      	BCF        STATUS, 0
0x02C2	0x0DF0      	RLF        R0, 1
0x02C3	0x0DF1      	RLF        R1, 1
0x02C4	0x0BFC      	DECFSZ     R12, 1
0x02C5	0x2AB0      	GOTO       $-21
L_end_Div_16X16_U:
0x02C6	0x0008      	RETURN
; end of _Div_16X16_U
_Mul_8X8_U:
0x02C7	0x1283      	BCF        STATUS, 5
0x02C8	0x1303      	BCF        STATUS, 6
0x02C9	0x0870      	MOVF       R0, 0
0x02CA	0x00F1      	MOVWF      R1
0x02CB	0x01F0      	CLRF       R0
0x02CC	0x3008      	MOVLW      8
0x02CD	0x00FC      	MOVWF      R12
0x02CE	0x0871      	MOVF       R1, 0
0x02CF	0x0CF4      	RRF        R4, 1
0x02D0	0x1803      	BTFSC      STATUS, 0
0x02D1	0x2AD6      	GOTO       $+5
0x02D2	0x0BFC      	DECFSZ     R12, 1
0x02D3	0x2ACF      	GOTO       $-4
0x02D4	0x01F1      	CLRF       R1
0x02D5	0x3400      	RETLW      0
0x02D6	0x1003      	BCF        STATUS, 0
0x02D7	0x2ADB      	GOTO       $+4
0x02D8	0x0CF4      	RRF        R4, 1
0x02D9	0x1803      	BTFSC      STATUS, 0
0x02DA	0x07F1      	ADDWF      R1, 1
0x02DB	0x0CF1      	RRF        R1, 1
0x02DC	0x0CF0      	RRF        R0, 1
0x02DD	0x0BFC      	DECFSZ     R12, 1
0x02DE	0x2AD8      	GOTO       $-6
L_end_Mul_8X8_U:
0x02DF	0x0008      	RETURN
; end of _Mul_8X8_U
_double2word:
0x02E0	0x1283      	BCF        STATUS, 5
0x02E1	0x1303      	BCF        STATUS, 6
0x02E2	0x01FB      	CLRF       R11
0x02E3	0x01FC      	CLRF       R12
0x02E4	0x01FA      	CLRF       R10
0x02E5	0x0873      	MOVF       R3, 0
0x02E6	0x1903      	BTFSC      STATUS, 2
0x02E7	0x2B1F      	GOTO       IRES016U
0x02E8	0x17F2      	BSF        R2, 7
0x02E9	0x308E      	MOVLW      142
0x02EA	0x02F3      	SUBWF      R3, 1
0x02EB	0x1BF3      	BTFSC      R3, 7
0x02EC	0x2AF0      	GOTO       SETEXP16U
0x02ED	0x1903      	BTFSC      STATUS, 2
0x02EE	0x2AF0      	GOTO       SETEXP16U
0x02EF	0x2B22      	GOTO       SETIOV16U
SETEXP16U:
0x02F0	0x09F3      	COMF       R3, 1
0x02F1	0x0AF3      	INCF       R3, 1
0x02F2	0x3008      	MOVLW      8
0x02F3	0x0273      	SUBWF      R3, 0
0x02F4	0x1C03      	BTFSS      STATUS, 0
0x02F5	0x2B05      	GOTO       TSHIFT3216U
0x02F6	0x00F3      	MOVWF      R3
0x02F7	0x0DF1      	RLF        R1, 1
0x02F8	0x0872      	MOVF       R2, 0
0x02F9	0x00F1      	MOVWF      R1
0x02FA	0x01F2      	CLRF       R2
0x02FB	0x3008      	MOVLW      8
0x02FC	0x0273      	SUBWF      R3, 0
0x02FD	0x1C03      	BTFSS      STATUS, 0
0x02FE	0x2B05      	GOTO       TSHIFT3216U
0x02FF	0x0DF1      	RLF        R1, 1
0x0300	0x01F1      	CLRF       R1
0x0301	0x0873      	MOVF       R3, 0
0x0302	0x1D03      	BTFSS      STATUS, 2
0x0303	0x1003      	BCF        STATUS, 0
0x0304	0x2B0D      	GOTO       SHIFT3216UOK
TSHIFT3216U:
0x0305	0x0873      	MOVF       R3, 0
0x0306	0x1903      	BTFSC      STATUS, 2
0x0307	0x2B0D      	GOTO       SHIFT3216UOK
SHIFT3216U:
0x0308	0x1003      	BCF        STATUS, 0
0x0309	0x0CF2      	RRF        R2, 1
0x030A	0x0CF1      	RRF        R1, 1
0x030B	0x0BF3      	DECFSZ     R3, 1
0x030C	0x2B08      	GOTO       SHIFT3216U
SHIFT3216UOK:
0x030D	0x1B7B      	BTFSC      R11, 6
0x030E	0x1C71      	BTFSS      R1, 0
0x030F	0x2B17      	GOTO       INT3216UOK
0x0310	0x1C03      	BTFSS      STATUS, 0
0x0311	0x2B17      	GOTO       INT3216UOK
0x0312	0x0AF1      	INCF       R1, 1
0x0313	0x1903      	BTFSC      STATUS, 2
0x0314	0x0AF2      	INCF       R2, 1
0x0315	0x1BF2      	BTFSC      R2, 7
0x0316	0x2B2E      	GOTO       JPKSETIOV3224
INT3216UOK:
0x0317	0x1FFA      	BTFSS      R10, 7
0x0318	0x2B31      	GOTO       INT3216UEOK
0x0319	0x09F2      	COMF       R2, 1
0x031A	0x09F1      	COMF       R1, 1
0x031B	0x0AF1      	INCF       R1, 1
0x031C	0x1903      	BTFSC      STATUS, 2
0x031D	0x0AF2      	INCF       R2, 1
0x031E	0x2B31      	GOTO       INT3216UEOK
IRES016U:
0x031F	0x01F2      	CLRF       R2
0x0320	0x01F1      	CLRF       R1
0x0321	0x2B31      	GOTO       INT3216UEOK
SETIOV16U:
0x0322	0x147B      	BSF        R11, 0
0x0323	0x1FFB      	BTFSS      R11, 7
0x0324	0x2B34      	GOTO       INT3216UEER
0x0325	0x01F2      	CLRF       R2
0x0326	0x1FFA      	BTFSS      R10, 7
0x0327	0x2B34      	GOTO       INT3216UEER
0x0328	0x30FF      	MOVLW      255
0x0329	0x00F2      	MOVWF      R2
0x032A	0x00F1      	MOVWF      R1
0x032B	0x0DFA      	RLF        R10, 1
0x032C	0x0CF2      	RRF        R2, 1
0x032D	0x2B34      	GOTO       INT3216UEER
JPKSETIOV3224:
0x032E	0x3001      	MOVLW      1
0x032F	0x00FC      	MOVWF      R12
0x0330	0x2B36      	GOTO       INT3216UEEE
INT3216UEOK:
0x0331	0x3000      	MOVLW      0
0x0332	0x00FC      	MOVWF      R12
0x0333	0x2B36      	GOTO       INT3216UEEE
INT3216UEER:
0x0334	0x30FF      	MOVLW      255
0x0335	0x00FC      	MOVWF      R12
INT3216UEEE:
0x0336	0x08FC      	MOVF       R12, 1
0x0337	0x1903      	BTFSC      STATUS, 2
0x0338	0x2B3A      	GOTO       L_Double2Word_0
0x0339	0x20B5      	CALL       _SETIOV3224
L_Double2Word_0:
0x033A	0x0871      	MOVF       R1, 0
0x033B	0x00F0      	MOVWF      R0
0x033C	0x0872      	MOVF       R2, 0
0x033D	0x00F1      	MOVWF      R1
L_end_double2word:
0x033E	0x0008      	RETURN
; end of _double2word
_Mul_16X16_U:
0x033F	0x1283      	BCF        STATUS, 5
0x0340	0x1303      	BCF        STATUS, 6
0x0341	0x01FB      	CLRF       R11
0x0342	0x01FA      	CLRF       R10
0x0343	0x01F9      	CLRF       R9
0x0344	0x3080      	MOVLW      128
0x0345	0x00F8      	MOVWF      R8
0x0346	0x0CF1      	RRF        R1, 1
0x0347	0x0CF0      	RRF        R0, 1
0x0348	0x1C03      	BTFSS      STATUS, 0
0x0349	0x2B53      	GOTO       $+10
0x034A	0x0874      	MOVF       R4, 0
0x034B	0x07F9      	ADDWF      R9, 1
0x034C	0x0875      	MOVF       R5, 0
0x034D	0x1803      	BTFSC      STATUS, 0
0x034E	0x0F75      	INCFSZ     R5, 0
0x034F	0x07FA      	ADDWF      R10, 1
0x0350	0x1803      	BTFSC      STATUS, 0
0x0351	0x0AFB      	INCF       R11, 1
0x0352	0x1003      	BCF        STATUS, 0
0x0353	0x1FF0      	BTFSS      R0, 7
0x0354	0x2B5B      	GOTO       $+7
0x0355	0x0874      	MOVF       R4, 0
0x0356	0x07FA      	ADDWF      R10, 1
0x0357	0x0875      	MOVF       R5, 0
0x0358	0x1803      	BTFSC      STATUS, 0
0x0359	0x0F75      	INCFSZ     R5, 0
0x035A	0x07FB      	ADDWF      R11, 1
0x035B	0x0CFB      	RRF        R11, 1
0x035C	0x0CFA      	RRF        R10, 1
0x035D	0x0CF9      	RRF        R9, 1
0x035E	0x0CF8      	RRF        R8, 1
0x035F	0x1C03      	BTFSS      STATUS, 0
0x0360	0x2B46      	GOTO       $-26
0x0361	0x087B      	MOVF       R11, 0
0x0362	0x00F3      	MOVWF      R3
0x0363	0x087A      	MOVF       R10, 0
0x0364	0x00F2      	MOVWF      R2
0x0365	0x0879      	MOVF       R9, 0
0x0366	0x00F1      	MOVWF      R1
0x0367	0x0878      	MOVF       R8, 0
0x0368	0x00F0      	MOVWF      R0
L_end_Mul_16X16_U:
0x0369	0x0008      	RETURN
; end of _Mul_16X16_U
_ADC_Task:
0x036A	0x1283      	BCF        STATUS, 5
0x036B	0x1303      	BCF        STATUS, 6
0x036C	0x0825      	MOVF       _count, 0
0x036D	0x3A09      	XORLW      9
0x036E	0x1D03      	BTFSS      STATUS, 2
0x036F	0x2BF7      	GOTO       L_ADC_Task24
0x0370	0x0825      	MOVF       _count, 0
0x0371	0x00F0      	MOVWF      R0
0x0372	0x0DF0      	RLF        R0, 1
0x0373	0x1070      	BCF        R0, 0
0x0374	0x0870      	MOVF       R0, 0
0x0375	0x3E33      	ADDLW      _read
0x0376	0x00E4      	MOVWF      FLOC__ADC_Task
0x0377	0x3005      	MOVLW      5
0x0378	0x00E6      	MOVWF      FARG_ADC_Read_channel
0x0379	0x21A3      	CALL       _ADC_Read
0x037A	0x1283      	BCF        STATUS, 5
0x037B	0x0864      	MOVF       FLOC__ADC_Task, 0
0x037C	0x0084      	MOVWF      FSR
0x037D	0x0870      	MOVF       R0, 0
0x037E	0x0080      	MOVWF      INDF
0x037F	0x0871      	MOVF       R0+1, 0
0x0380	0x0A84      	INCF       FSR, 1
0x0381	0x0080      	MOVWF      INDF
0x0382	0x01A5      	CLRF       _count
0x0383	0x0835      	MOVF       _read+2, 0
0x0384	0x0733      	ADDWF      _read, 0
0x0385	0x00F0      	MOVWF      R0
0x0386	0x0834      	MOVF       _read+1, 0
0x0387	0x1803      	BTFSC      STATUS, 0
0x0388	0x3E01      	ADDLW      1
0x0389	0x0736      	ADDWF      _read+3, 0
0x038A	0x00F1      	MOVWF      R0+1
0x038B	0x0837      	MOVF       _read+4, 0
0x038C	0x07F0      	ADDWF      R0, 1
0x038D	0x0838      	MOVF       _read+5, 0
0x038E	0x1803      	BTFSC      STATUS, 0
0x038F	0x3E01      	ADDLW      1
0x0390	0x07F1      	ADDWF      R0+1, 1
0x0391	0x0839      	MOVF       _read+6, 0
0x0392	0x07F0      	ADDWF      R0, 1
0x0393	0x083A      	MOVF       _read+7, 0
0x0394	0x1803      	BTFSC      STATUS, 0
0x0395	0x3E01      	ADDLW      1
0x0396	0x07F1      	ADDWF      R0+1, 1
0x0397	0x083B      	MOVF       _read+8, 0
0x0398	0x07F0      	ADDWF      R0, 1
0x0399	0x083C      	MOVF       _read+9, 0
0x039A	0x1803      	BTFSC      STATUS, 0
0x039B	0x3E01      	ADDLW      1
0x039C	0x07F1      	ADDWF      R0+1, 1
0x039D	0x083D      	MOVF       _read+10, 0
0x039E	0x07F0      	ADDWF      R0, 1
0x039F	0x083E      	MOVF       _read+11, 0
0x03A0	0x1803      	BTFSC      STATUS, 0
0x03A1	0x3E01      	ADDLW      1
0x03A2	0x07F1      	ADDWF      R0+1, 1
0x03A3	0x083F      	MOVF       _read+12, 0
0x03A4	0x07F0      	ADDWF      R0, 1
0x03A5	0x0840      	MOVF       _read+13, 0
0x03A6	0x1803      	BTFSC      STATUS, 0
0x03A7	0x3E01      	ADDLW      1
0x03A8	0x07F1      	ADDWF      R0+1, 1
0x03A9	0x0841      	MOVF       _read+14, 0
0x03AA	0x07F0      	ADDWF      R0, 1
0x03AB	0x0842      	MOVF       _read+15, 0
0x03AC	0x1803      	BTFSC      STATUS, 0
0x03AD	0x3E01      	ADDLW      1
0x03AE	0x07F1      	ADDWF      R0+1, 1
0x03AF	0x0843      	MOVF       _read+16, 0
0x03B0	0x07F0      	ADDWF      R0, 1
0x03B1	0x0844      	MOVF       _read+17, 0
0x03B2	0x1803      	BTFSC      STATUS, 0
0x03B3	0x3E01      	ADDLW      1
0x03B4	0x07F1      	ADDWF      R0+1, 1
0x03B5	0x0845      	MOVF       _read+18, 0
0x03B6	0x07F0      	ADDWF      R0, 1
0x03B7	0x0846      	MOVF       _read+19, 0
0x03B8	0x1803      	BTFSC      STATUS, 0
0x03B9	0x3E01      	ADDLW      1
0x03BA	0x07F1      	ADDWF      R0+1, 1
0x03BB	0x300A      	MOVLW      10
0x03BC	0x00F4      	MOVWF      R4
0x03BD	0x3000      	MOVLW      0
0x03BE	0x00F5      	MOVWF      R4+1
0x03BF	0x22AA      	CALL       _Div_16X16_U
0x03C0	0x0870      	MOVF       R0, 0
0x03C1	0x00E4      	MOVWF      FLOC__ADC_Task
0x03C2	0x0871      	MOVF       R0+1, 0
0x03C3	0x00E5      	MOVWF      FLOC__ADC_Task+1
0x03C4	0x0864      	MOVF       FLOC__ADC_Task, 0
0x03C5	0x00B0      	MOVWF      _average
0x03C6	0x0848      	MOVF       _temp1, 0
0x03C7	0x00F0      	MOVWF      R0
0x03C8	0x300A      	MOVLW      10
0x03C9	0x00F4      	MOVWF      R4
0x03CA	0x22C7      	CALL       _Mul_8X8_U
0x03CB	0x0847      	MOVF       _temp2, 0
0x03CC	0x07F0      	ADDWF      R0, 1
0x03CD	0x0870      	MOVF       R0, 0
0x03CE	0x00AF      	MOVWF      _set_temp
0x03CF	0x0870      	MOVF       R0, 0
0x03D0	0x0264      	SUBWF      FLOC__ADC_Task, 0
0x03D1	0x00F1      	MOVWF      R1
0x03D2	0x01F2      	CLRF       R1+1
0x03D3	0x1C03      	BTFSS      STATUS, 0
0x03D4	0x03F2      	DECF       R1+1, 1
0x03D5	0x3080      	MOVLW      128
0x03D6	0x00F0      	MOVWF      R0
0x03D7	0x3080      	MOVLW      128
0x03D8	0x0672      	XORWF      R1+1, 0
0x03D9	0x0270      	SUBWF      R0, 0
0x03DA	0x1D03      	BTFSS      STATUS, 2
0x03DB	0x2BDE      	GOTO       L__ADC_Task36
0x03DC	0x0871      	MOVF       R1, 0
0x03DD	0x3C05      	SUBLW      5
L__ADC_Task36:
0x03DE	0x1803      	BTFSC      STATUS, 0
0x03DF	0x2BE3      	GOTO       L_ADC_Task25
0x03E0	0x1507      	BSF        PORTC, 2
0x03E1	0x1287      	BCF        PORTC, 5
0x03E2	0x2BF6      	GOTO       L_ADC_Task26
L_ADC_Task25:
0x03E3	0x082F      	MOVF       _set_temp, 0
0x03E4	0x0230      	SUBWF      _average, 0
0x03E5	0x00F1      	MOVWF      R1
0x03E6	0x01F2      	CLRF       R1+1
0x03E7	0x1C03      	BTFSS      STATUS, 0
0x03E8	0x03F2      	DECF       R1+1, 1
0x03E9	0x3080      	MOVLW      128
0x03EA	0x0672      	XORWF      R1+1, 0
0x03EB	0x00F0      	MOVWF      R0
0x03EC	0x307F      	MOVLW      127
0x03ED	0x0270      	SUBWF      R0, 0
0x03EE	0x1D03      	BTFSS      STATUS, 2
0x03EF	0x2BF2      	GOTO       L__ADC_Task37
0x03F0	0x30FB      	MOVLW      251
0x03F1	0x0271      	SUBWF      R1, 0
L__ADC_Task37:
0x03F2	0x1803      	BTFSC      STATUS, 0
0x03F3	0x2BF6      	GOTO       L_ADC_Task27
0x03F4	0x1687      	BSF        PORTC, 5
0x03F5	0x1107      	BCF        PORTC, 2
L_ADC_Task27:
L_ADC_Task26:
0x03F6	0x2C33      	GOTO       L_ADC_Task28
L_ADC_Task24:
0x03F7	0x0825      	MOVF       _count, 0
0x03F8	0x00F0      	MOVWF      R0
0x03F9	0x0DF0      	RLF        R0, 1
0x03FA	0x1070      	BCF        R0, 0
0x03FB	0x0870      	MOVF       R0, 0
0x03FC	0x3E33      	ADDLW      _read
0x03FD	0x00E4      	MOVWF      FLOC__ADC_Task
0x03FE	0x3005      	MOVLW      5
0x03FF	0x00E6      	MOVWF      FARG_ADC_Read_channel
0x0400	0x21A3      	CALL       _ADC_Read
0x0401	0x1283      	BCF        STATUS, 5
0x0402	0x0864      	MOVF       FLOC__ADC_Task, 0
0x0403	0x0084      	MOVWF      FSR
0x0404	0x0870      	MOVF       R0, 0
0x0405	0x0080      	MOVWF      INDF
0x0406	0x0871      	MOVF       R0+1, 0
0x0407	0x0A84      	INCF       FSR, 1
0x0408	0x0080      	MOVWF      INDF
0x0409	0x0825      	MOVF       _count, 0
0x040A	0x00F0      	MOVWF      R0
0x040B	0x0DF0      	RLF        R0, 1
0x040C	0x1070      	BCF        R0, 0
0x040D	0x0870      	MOVF       R0, 0
0x040E	0x3E33      	ADDLW      _read
0x040F	0x00E4      	MOVWF      FLOC__ADC_Task
0x0410	0x0864      	MOVF       FLOC__ADC_Task, 0
0x0411	0x0084      	MOVWF      FSR
0x0412	0x0800      	MOVF       INDF, 0
0x0413	0x00F0      	MOVWF      R0
0x0414	0x0A84      	INCF       FSR, 1
0x0415	0x0800      	MOVF       INDF, 0
0x0416	0x00F1      	MOVWF      R0+1
0x0417	0x3096      	MOVLW      150
0x0418	0x00F4      	MOVWF      R4
0x0419	0x01F5      	CLRF       R4+1
0x041A	0x233F      	CALL       _Mul_16X16_U
0x041B	0x3005      	MOVLW      5
0x041C	0x00F4      	MOVWF      R4
0x041D	0x3000      	MOVLW      0
0x041E	0x00F5      	MOVWF      R4+1
0x041F	0x233F      	CALL       _Mul_16X16_U
0x0420	0x2294      	CALL       _word2double
0x0421	0x3000      	MOVLW      0
0x0422	0x00F4      	MOVWF      R4
0x0423	0x30D0      	MOVLW      208
0x0424	0x00F5      	MOVWF      R4+1
0x0425	0x303F      	MOVLW      63
0x0426	0x00F6      	MOVWF      R4+2
0x0427	0x3089      	MOVLW      137
0x0428	0x00F7      	MOVWF      R4+3
0x0429	0x21DD      	CALL       _Div_32x32_FP
0x042A	0x22E0      	CALL       _double2word
0x042B	0x0864      	MOVF       FLOC__ADC_Task, 0
0x042C	0x0084      	MOVWF      FSR
0x042D	0x0870      	MOVF       R0, 0
0x042E	0x0080      	MOVWF      INDF
0x042F	0x0871      	MOVF       R0+1, 0
0x0430	0x0A84      	INCF       FSR, 1
0x0431	0x0080      	MOVWF      INDF
0x0432	0x0AA5      	INCF       _count, 1
L_ADC_Task28:
L_end_ADC_Task:
0x0433	0x0008      	RETURN
; end of _ADC_Task
_Heater_Led_Task:
0x0434	0x1283      	BCF        STATUS, 5
0x0435	0x1303      	BCF        STATUS, 6
0x0436	0x1E87      	BTFSS      RC5_bit, BitPos(RC5_bit+0)
0x0437	0x2C42      	GOTO       L_Heater_Led_Task20
0x0438	0x0826      	MOVF       _heat_elem_flag, 0
0x0439	0x3A00      	XORLW      0
0x043A	0x1D03      	BTFSS      STATUS, 2
0x043B	0x2C40      	GOTO       L_Heater_Led_Task21
0x043C	0x3001      	MOVLW      1
0x043D	0x00A6      	MOVWF      _heat_elem_flag
0x043E	0x1506      	BSF        PORTB, 2
0x043F	0x2C42      	GOTO       L_Heater_Led_Task22
L_Heater_Led_Task21:
0x0440	0x01A6      	CLRF       _heat_elem_flag
0x0441	0x1106      	BCF        PORTB, 2
L_Heater_Led_Task22:
L_Heater_Led_Task20:
0x0442	0x1D07      	BTFSS      RC2_bit, BitPos(RC2_bit+0)
0x0443	0x2C45      	GOTO       L_Heater_Led_Task23
0x0444	0x1506      	BSF        PORTB, 2
L_Heater_Led_Task23:
L_end_Heater_Led_Task:
0x0445	0x0008      	RETURN
; end of _Heater_Led_Task
_SSD_TASK:
0x0446	0x1283      	BCF        STATUS, 5
0x0447	0x1303      	BCF        STATUS, 6
0x0448	0x0824      	MOVF       _SSD_FLAG, 0
0x0449	0x3A00      	XORLW      0
0x044A	0x1D03      	BTFSS      STATUS, 2
0x044B	0x2C55      	GOTO       L_SSD_TASK0
0x044C	0x3001      	MOVLW      1
0x044D	0x00A4      	MOVWF      _SSD_FLAG
0x044E	0x1683      	BSF        STATUS, 5
0x044F	0x1585      	BSF        TRISA, 3
0x0450	0x1105      	BCF        TRISA, 2
0x0451	0x1283      	BCF        STATUS, 5
0x0452	0x0848      	MOVF       _temp1, 0
0x0453	0x0088      	MOVWF      PORTD
0x0454	0x2C5C      	GOTO       L_SSD_TASK1
L_SSD_TASK0:
0x0455	0x01A4      	CLRF       _SSD_FLAG
0x0456	0x1683      	BSF        STATUS, 5
0x0457	0x1505      	BSF        TRISA, 2
0x0458	0x1185      	BCF        TRISA, 3
0x0459	0x1283      	BCF        STATUS, 5
0x045A	0x0847      	MOVF       _temp2, 0
0x045B	0x0088      	MOVWF      PORTD
L_SSD_TASK1:
L_end_SSD_TASK:
0x045C	0x0008      	RETURN
; end of _SSD_TASK
_ADC_Init:
0x045D	0x30FF      	MOVLW      _ADC_Get_Sample
0x045E	0x1283      	BCF        STATUS, 5
0x045F	0x1303      	BCF        STATUS, 6
0x0460	0x00DB      	MOVWF      _ADC_Get_Sample_Ptr
0x0461	0x30FF      	MOVLW      hi_addr(_ADC_Get_Sample)
0x0462	0x00DC      	MOVWF      _ADC_Get_Sample_Ptr+1
0x0463	0x30FF      	MOVLW      FARG_ADC_Get_Sample_channel
0x0464	0x00DD      	MOVWF      _ADC_Get_Sample_Ptr+2
0x0465	0x30FF      	MOVLW      hi_addr(FARG_ADC_Get_Sample_channel)
0x0466	0x019F      	CLRF       ADCON0
0x0467	0x30C0      	MOVLW      192
0x0468	0x049F      	IORWF      ADCON0, 1
0x0469	0x0928      	COMF       _vref_mask, 0
0x046A	0x00F0      	MOVWF      R0
0x046B	0x0870      	MOVF       R0, 0
0x046C	0x1683      	BSF        STATUS, 5
0x046D	0x059F      	ANDWF      ADCON1, 1
0x046E	0x171F      	BSF        ADCON1, 6
0x046F	0x179F      	BSF        ADCON1, 7
0x0470	0x1283      	BCF        STATUS, 5
0x0471	0x141F      	BSF        ADCON0, 0
L_end_ADC_Init:
0x0472	0x0008      	RETURN
; end of _ADC_Init
_EEPROM_init:
0x0473	0x3014      	MOVLW      20
0x0474	0x1683      	BSF        STATUS, 5
0x0475	0x1303      	BCF        STATUS, 6
0x0476	0x0093      	MOVWF      SSPADD
0x0477	0x216E      	CALL       _I2C1_Init
L_end_EEPROM_init:
0x0478	0x0008      	RETURN
; end of _EEPROM_init
_up_down_ButtonTask:
0x0479	0x1283      	BCF        STATUS, 5
0x047A	0x1303      	BCF        STATUS, 6
0x047B	0x1C06      	BTFSS      RB0_bit, BitPos(RB0_bit+0)
0x047C	0x2CB3      	GOTO       L_up_down_ButtonTask2
0x047D	0x082E      	MOVF       _setmode_flag, 0
0x047E	0x3A00      	XORLW      0
0x047F	0x1D03      	BTFSS      STATUS, 2
0x0480	0x2C86      	GOTO       L_up_down_ButtonTask3
0x0481	0x3001      	MOVLW      1
0x0482	0x00AE      	MOVWF      _setmode_flag
0x0483	0x3006      	MOVLW      6
0x0484	0x00C8      	MOVWF      _temp1
0x0485	0x01C7      	CLRF       _temp2
L_up_down_ButtonTask3:
0x0486	0x0848      	MOVF       _temp1, 0
0x0487	0x3A07      	XORLW      7
0x0488	0x1D03      	BTFSS      STATUS, 2
0x0489	0x2C8F      	GOTO       L_up_down_ButtonTask6
0x048A	0x0847      	MOVF       _temp2, 0
0x048B	0x3A05      	XORLW      5
0x048C	0x1D03      	BTFSS      STATUS, 2
0x048D	0x2C8F      	GOTO       L_up_down_ButtonTask6
L__up_down_ButtonTask30:
0x048E	0x2CB3      	GOTO       L_up_down_ButtonTask7
L_up_down_ButtonTask6:
0x048F	0x0847      	MOVF       _temp2, 0
0x0490	0x3A00      	XORLW      0
0x0491	0x1D03      	BTFSS      STATUS, 2
0x0492	0x2CA1      	GOTO       L_up_down_ButtonTask8
0x0493	0x3005      	MOVLW      5
0x0494	0x07C7      	ADDWF      _temp2, 1
0x0495	0x0848      	MOVF       _temp1, 0
0x0496	0x00E6      	MOVWF      FARG_EEPROM_writeByte_my_data
0x0497	0x3002      	MOVLW      2
0x0498	0x00E7      	MOVWF      FARG_EEPROM_writeByte_add
0x0499	0x21CB      	CALL       _EEPROM_writeByte
0x049A	0x1283      	BCF        STATUS, 5
0x049B	0x0847      	MOVF       _temp2, 0
0x049C	0x00E6      	MOVWF      FARG_EEPROM_writeByte_my_data
0x049D	0x3003      	MOVLW      3
0x049E	0x00E7      	MOVWF      FARG_EEPROM_writeByte_add
0x049F	0x21CB      	CALL       _EEPROM_writeByte
0x04A0	0x2CB3      	GOTO       L_up_down_ButtonTask9
L_up_down_ButtonTask8:
0x04A1	0x1283      	BCF        STATUS, 5
0x04A2	0x0847      	MOVF       _temp2, 0
0x04A3	0x3A05      	XORLW      5
0x04A4	0x1D03      	BTFSS      STATUS, 2
0x04A5	0x2CB3      	GOTO       L_up_down_ButtonTask10
0x04A6	0x0AC8      	INCF       _temp1, 1
0x04A7	0x01C7      	CLRF       _temp2
0x04A8	0x0848      	MOVF       _temp1, 0
0x04A9	0x00E6      	MOVWF      FARG_EEPROM_writeByte_my_data
0x04AA	0x3002      	MOVLW      2
0x04AB	0x00E7      	MOVWF      FARG_EEPROM_writeByte_add
0x04AC	0x21CB      	CALL       _EEPROM_writeByte
0x04AD	0x1283      	BCF        STATUS, 5
0x04AE	0x0847      	MOVF       _temp2, 0
0x04AF	0x00E6      	MOVWF      FARG_EEPROM_writeByte_my_data
0x04B0	0x3003      	MOVLW      3
0x04B1	0x00E7      	MOVWF      FARG_EEPROM_writeByte_add
0x04B2	0x21CB      	CALL       _EEPROM_writeByte
L_up_down_ButtonTask10:
L_up_down_ButtonTask9:
L_up_down_ButtonTask7:
L_up_down_ButtonTask2:
0x04B3	0x1283      	BCF        STATUS, 5
0x04B4	0x1C86      	BTFSS      RB1_bit, BitPos(RB1_bit+0)
0x04B5	0x2CEB      	GOTO       L_up_down_ButtonTask11
0x04B6	0x082E      	MOVF       _setmode_flag, 0
0x04B7	0x3A00      	XORLW      0
0x04B8	0x1D03      	BTFSS      STATUS, 2
0x04B9	0x2CBF      	GOTO       L_up_down_ButtonTask12
0x04BA	0x3001      	MOVLW      1
0x04BB	0x00AE      	MOVWF      _setmode_flag
0x04BC	0x3006      	MOVLW      6
0x04BD	0x00C8      	MOVWF      _temp1
0x04BE	0x01C7      	CLRF       _temp2
L_up_down_ButtonTask12:
0x04BF	0x0848      	MOVF       _temp1, 0
0x04C0	0x3A03      	XORLW      3
0x04C1	0x1D03      	BTFSS      STATUS, 2
0x04C2	0x2CC8      	GOTO       L_up_down_ButtonTask15
0x04C3	0x0848      	MOVF       _temp1, 0
0x04C4	0x3A05      	XORLW      5
0x04C5	0x1D03      	BTFSS      STATUS, 2
0x04C6	0x2CC8      	GOTO       L_up_down_ButtonTask15
L__up_down_ButtonTask29:
0x04C7	0x2CEB      	GOTO       L_up_down_ButtonTask16
L_up_down_ButtonTask15:
0x04C8	0x0848      	MOVF       _temp1, 0
0x04C9	0x3A05      	XORLW      5
0x04CA	0x1D03      	BTFSS      STATUS, 2
0x04CB	0x2CD8      	GOTO       L_up_down_ButtonTask17
0x04CC	0x0848      	MOVF       _temp1, 0
0x04CD	0x00E6      	MOVWF      FARG_EEPROM_writeByte_my_data
0x04CE	0x3002      	MOVLW      2
0x04CF	0x00E7      	MOVWF      FARG_EEPROM_writeByte_add
0x04D0	0x21CB      	CALL       _EEPROM_writeByte
0x04D1	0x1283      	BCF        STATUS, 5
0x04D2	0x0847      	MOVF       _temp2, 0
0x04D3	0x00E6      	MOVWF      FARG_EEPROM_writeByte_my_data
0x04D4	0x3003      	MOVLW      3
0x04D5	0x00E7      	MOVWF      FARG_EEPROM_writeByte_add
0x04D6	0x21CB      	CALL       _EEPROM_writeByte
0x04D7	0x2CEB      	GOTO       L_up_down_ButtonTask18
L_up_down_ButtonTask17:
0x04D8	0x1283      	BCF        STATUS, 5
0x04D9	0x0848      	MOVF       _temp1, 0
0x04DA	0x3A00      	XORLW      0
0x04DB	0x1D03      	BTFSS      STATUS, 2
0x04DC	0x2CEB      	GOTO       L_up_down_ButtonTask19
0x04DD	0x03C8      	DECF       _temp1, 1
0x04DE	0x3005      	MOVLW      5
0x04DF	0x00C7      	MOVWF      _temp2
0x04E0	0x0848      	MOVF       _temp1, 0
0x04E1	0x00E6      	MOVWF      FARG_EEPROM_writeByte_my_data
0x04E2	0x3002      	MOVLW      2
0x04E3	0x00E7      	MOVWF      FARG_EEPROM_writeByte_add
0x04E4	0x21CB      	CALL       _EEPROM_writeByte
0x04E5	0x1283      	BCF        STATUS, 5
0x04E6	0x0847      	MOVF       _temp2, 0
0x04E7	0x00E6      	MOVWF      FARG_EEPROM_writeByte_my_data
0x04E8	0x3003      	MOVLW      3
0x04E9	0x00E7      	MOVWF      FARG_EEPROM_writeByte_add
0x04EA	0x21CB      	CALL       _EEPROM_writeByte
L_up_down_ButtonTask19:
L_up_down_ButtonTask18:
L_up_down_ButtonTask16:
L_up_down_ButtonTask11:
L_end_up_down_ButtonTask:
0x04EB	0x0008      	RETURN
; end of _up_down_ButtonTask
_Init_Task:
0x04EC	0x170B      	BSF        PEIE_bit, BitPos(PEIE_bit+0)
0x04ED	0x178B      	BSF        GIE_bit, BitPos(GIE_bit+0)
0x04EE	0x245D      	CALL       _ADC_Init
0x04EF	0x2473      	CALL       _EEPROM_init
L_end_Init_Task:
0x04F0	0x0008      	RETURN
; end of _Init_Task
_Os_scheduler:
L_Os_scheduler0:
0x04F1	0x1283      	BCF        STATUS, 5
0x04F2	0x1303      	BCF        STATUS, 6
0x04F3	0x1E86      	BTFSS      RB5_bit, BitPos(RB5_bit+0)
0x04F4	0x2CF7      	GOTO       L_Os_scheduler2
0x04F5	0x0823      	MOVF       _elec_heater_flag, 0
0x04F6	0x06A3      	XORWF      _elec_heater_flag, 1
L_Os_scheduler2:
0x04F7	0x0827      	MOVF       Os_timer_flag, 0
0x04F8	0x3A01      	XORLW      1
0x04F9	0x1D03      	BTFSS      STATUS, 2
0x04FA	0x2E71      	GOTO       L_Os_scheduler5
0x04FB	0x0823      	MOVF       _elec_heater_flag, 0
0x04FC	0x3A01      	XORLW      1
0x04FD	0x1D03      	BTFSS      STATUS, 2
0x04FE	0x2E71      	GOTO       L_Os_scheduler5
L__Os_scheduler59:
0x04FF	0x2D10      	GOTO       L_Os_scheduler6
L_Os_scheduler8:
L_Os_scheduler9:
L_Os_scheduler10:
L_Os_scheduler11:
L_Os_scheduler12:
L_Os_scheduler13:
L_Os_scheduler14:
L_Os_scheduler15:
L_Os_scheduler16:
L_Os_scheduler17:
L_Os_scheduler18:
L_Os_scheduler19:
L_Os_scheduler20:
L_Os_scheduler21:
L_Os_scheduler22:
L_Os_scheduler23:
L_Os_scheduler24:
L_Os_scheduler25:
L_Os_scheduler26:
L_Os_scheduler27:
L_Os_scheduler28:
L_Os_scheduler29:
L_Os_scheduler30:
L_Os_scheduler31:
L_Os_scheduler32:
L_Os_scheduler33:
L_Os_scheduler34:
L_Os_scheduler35:
L_Os_scheduler36:
L_Os_scheduler37:
L_Os_scheduler38:
L_Os_scheduler39:
L_Os_scheduler40:
L_Os_scheduler41:
L_Os_scheduler42:
L_Os_scheduler43:
L_Os_scheduler44:
L_Os_scheduler45:
L_Os_scheduler46:
L_Os_scheduler47:
0x0500	0x2479      	CALL       _up_down_ButtonTask
0x0501	0x2446      	CALL       _SSD_TASK
0x0502	0x01A7      	CLRF       Os_timer_flag
0x0503	0x2E70      	GOTO       L_Os_scheduler7
L_Os_scheduler48:
L_Os_scheduler49:
L_Os_scheduler50:
L_Os_scheduler51:
L_Os_scheduler52:
L_Os_scheduler53:
L_Os_scheduler54:
L_Os_scheduler55:
L_Os_scheduler56:
0x0504	0x2479      	CALL       _up_down_ButtonTask
0x0505	0x2446      	CALL       _SSD_TASK
0x0506	0x236A      	CALL       _ADC_Task
0x0507	0x01A7      	CLRF       Os_timer_flag
0x0508	0x2E70      	GOTO       L_Os_scheduler7
L_Os_scheduler57:
0x0509	0x2479      	CALL       _up_down_ButtonTask
0x050A	0x2446      	CALL       _SSD_TASK
0x050B	0x236A      	CALL       _ADC_Task
0x050C	0x2434      	CALL       _Heater_Led_Task
0x050D	0x01A7      	CLRF       Os_timer_flag
0x050E	0x01A9      	CLRF       Os_timer_count
0x050F	0x2E70      	GOTO       L_Os_scheduler7
L_Os_scheduler6:
0x0510	0x0829      	MOVF       Os_timer_count, 0
0x0511	0x3A14      	XORLW      20
0x0512	0x1903      	BTFSC      STATUS, 2
0x0513	0x2D00      	GOTO       L_Os_scheduler8
0x0514	0x0829      	MOVF       Os_timer_count, 0
0x0515	0x3A28      	XORLW      40
0x0516	0x1903      	BTFSC      STATUS, 2
0x0517	0x2D00      	GOTO       L_Os_scheduler9
0x0518	0x0829      	MOVF       Os_timer_count, 0
0x0519	0x3A3C      	XORLW      60
0x051A	0x1903      	BTFSC      STATUS, 2
0x051B	0x2D00      	GOTO       L_Os_scheduler10
0x051C	0x0829      	MOVF       Os_timer_count, 0
0x051D	0x3A50      	XORLW      80
0x051E	0x1903      	BTFSC      STATUS, 2
0x051F	0x2D00      	GOTO       L_Os_scheduler11
0x0520	0x0829      	MOVF       Os_timer_count, 0
0x0521	0x3A78      	XORLW      120
0x0522	0x1903      	BTFSC      STATUS, 2
0x0523	0x2D00      	GOTO       L_Os_scheduler12
0x0524	0x0829      	MOVF       Os_timer_count, 0
0x0525	0x3A8C      	XORLW      140
0x0526	0x1903      	BTFSC      STATUS, 2
0x0527	0x2D00      	GOTO       L_Os_scheduler13
0x0528	0x0829      	MOVF       Os_timer_count, 0
0x0529	0x3AA0      	XORLW      160
0x052A	0x1903      	BTFSC      STATUS, 2
0x052B	0x2D00      	GOTO       L_Os_scheduler14
0x052C	0x0829      	MOVF       Os_timer_count, 0
0x052D	0x3AB4      	XORLW      180
0x052E	0x1903      	BTFSC      STATUS, 2
0x052F	0x2D00      	GOTO       L_Os_scheduler15
0x0530	0x0829      	MOVF       Os_timer_count, 0
0x0531	0x3ADC      	XORLW      220
0x0532	0x1903      	BTFSC      STATUS, 2
0x0533	0x2D00      	GOTO       L_Os_scheduler16
0x0534	0x0829      	MOVF       Os_timer_count, 0
0x0535	0x3AF0      	XORLW      240
0x0536	0x1903      	BTFSC      STATUS, 2
0x0537	0x2D00      	GOTO       L_Os_scheduler17
0x0538	0x3000      	MOVLW      0
0x0539	0x3A01      	XORLW      1
0x053A	0x1D03      	BTFSS      STATUS, 2
0x053B	0x2D3E      	GOTO       L__Os_scheduler63
0x053C	0x3004      	MOVLW      4
0x053D	0x0629      	XORWF      Os_timer_count, 0
L__Os_scheduler63:
0x053E	0x1903      	BTFSC      STATUS, 2
0x053F	0x2D00      	GOTO       L_Os_scheduler18
0x0540	0x3000      	MOVLW      0
0x0541	0x3A01      	XORLW      1
0x0542	0x1D03      	BTFSS      STATUS, 2
0x0543	0x2D46      	GOTO       L__Os_scheduler64
0x0544	0x3018      	MOVLW      24
0x0545	0x0629      	XORWF      Os_timer_count, 0
L__Os_scheduler64:
0x0546	0x1903      	BTFSC      STATUS, 2
0x0547	0x2D00      	GOTO       L_Os_scheduler19
0x0548	0x3000      	MOVLW      0
0x0549	0x3A01      	XORLW      1
0x054A	0x1D03      	BTFSS      STATUS, 2
0x054B	0x2D4E      	GOTO       L__Os_scheduler65
0x054C	0x3040      	MOVLW      64
0x054D	0x0629      	XORWF      Os_timer_count, 0
L__Os_scheduler65:
0x054E	0x1903      	BTFSC      STATUS, 2
0x054F	0x2D00      	GOTO       L_Os_scheduler20
0x0550	0x3000      	MOVLW      0
0x0551	0x3A01      	XORLW      1
0x0552	0x1D03      	BTFSS      STATUS, 2
0x0553	0x2D56      	GOTO       L__Os_scheduler66
0x0554	0x3054      	MOVLW      84
0x0555	0x0629      	XORWF      Os_timer_count, 0
L__Os_scheduler66:
0x0556	0x1903      	BTFSC      STATUS, 2
0x0557	0x2D00      	GOTO       L_Os_scheduler21
0x0558	0x3000      	MOVLW      0
0x0559	0x3A01      	XORLW      1
0x055A	0x1D03      	BTFSS      STATUS, 2
0x055B	0x2D5E      	GOTO       L__Os_scheduler67
0x055C	0x3068      	MOVLW      104
0x055D	0x0629      	XORWF      Os_timer_count, 0
L__Os_scheduler67:
0x055E	0x1903      	BTFSC      STATUS, 2
0x055F	0x2D00      	GOTO       L_Os_scheduler22
0x0560	0x3000      	MOVLW      0
0x0561	0x3A01      	XORLW      1
0x0562	0x1D03      	BTFSS      STATUS, 2
0x0563	0x2D66      	GOTO       L__Os_scheduler68
0x0564	0x307C      	MOVLW      124
0x0565	0x0629      	XORWF      Os_timer_count, 0
L__Os_scheduler68:
0x0566	0x1903      	BTFSC      STATUS, 2
0x0567	0x2D00      	GOTO       L_Os_scheduler23
0x0568	0x3000      	MOVLW      0
0x0569	0x3A01      	XORLW      1
0x056A	0x1D03      	BTFSS      STATUS, 2
0x056B	0x2D6E      	GOTO       L__Os_scheduler69
0x056C	0x30A4      	MOVLW      164
0x056D	0x0629      	XORWF      Os_timer_count, 0
L__Os_scheduler69:
0x056E	0x1903      	BTFSC      STATUS, 2
0x056F	0x2D00      	GOTO       L_Os_scheduler24
0x0570	0x3000      	MOVLW      0
0x0571	0x3A01      	XORLW      1
0x0572	0x1D03      	BTFSS      STATUS, 2
0x0573	0x2D76      	GOTO       L__Os_scheduler70
0x0574	0x30B8      	MOVLW      184
0x0575	0x0629      	XORWF      Os_timer_count, 0
L__Os_scheduler70:
0x0576	0x1903      	BTFSC      STATUS, 2
0x0577	0x2D00      	GOTO       L_Os_scheduler25
0x0578	0x3000      	MOVLW      0
0x0579	0x3A01      	XORLW      1
0x057A	0x1D03      	BTFSS      STATUS, 2
0x057B	0x2D7E      	GOTO       L__Os_scheduler71
0x057C	0x30CC      	MOVLW      204
0x057D	0x0629      	XORWF      Os_timer_count, 0
L__Os_scheduler71:
0x057E	0x1903      	BTFSC      STATUS, 2
0x057F	0x2D00      	GOTO       L_Os_scheduler26
0x0580	0x3000      	MOVLW      0
0x0581	0x3A01      	XORLW      1
0x0582	0x1D03      	BTFSS      STATUS, 2
0x0583	0x2D86      	GOTO       L__Os_scheduler72
0x0584	0x30E0      	MOVLW      224
0x0585	0x0629      	XORWF      Os_timer_count, 0
L__Os_scheduler72:
0x0586	0x1903      	BTFSC      STATUS, 2
0x0587	0x2D00      	GOTO       L_Os_scheduler27
0x0588	0x3000      	MOVLW      0
0x0589	0x3A02      	XORLW      2
0x058A	0x1D03      	BTFSS      STATUS, 2
0x058B	0x2D8E      	GOTO       L__Os_scheduler73
0x058C	0x3008      	MOVLW      8
0x058D	0x0629      	XORWF      Os_timer_count, 0
L__Os_scheduler73:
0x058E	0x1903      	BTFSC      STATUS, 2
0x058F	0x2D00      	GOTO       L_Os_scheduler28
0x0590	0x3000      	MOVLW      0
0x0591	0x3A02      	XORLW      2
0x0592	0x1D03      	BTFSS      STATUS, 2
0x0593	0x2D96      	GOTO       L__Os_scheduler74
0x0594	0x301C      	MOVLW      28
0x0595	0x0629      	XORWF      Os_timer_count, 0
L__Os_scheduler74:
0x0596	0x1903      	BTFSC      STATUS, 2
0x0597	0x2D00      	GOTO       L_Os_scheduler29
0x0598	0x3000      	MOVLW      0
0x0599	0x3A02      	XORLW      2
0x059A	0x1D03      	BTFSS      STATUS, 2
0x059B	0x2D9E      	GOTO       L__Os_scheduler75
0x059C	0x3030      	MOVLW      48
0x059D	0x0629      	XORWF      Os_timer_count, 0
L__Os_scheduler75:
0x059E	0x1903      	BTFSC      STATUS, 2
0x059F	0x2D00      	GOTO       L_Os_scheduler30
0x05A0	0x3000      	MOVLW      0
0x05A1	0x3A02      	XORLW      2
0x05A2	0x1D03      	BTFSS      STATUS, 2
0x05A3	0x2DA6      	GOTO       L__Os_scheduler76
0x05A4	0x3044      	MOVLW      68
0x05A5	0x0629      	XORWF      Os_timer_count, 0
L__Os_scheduler76:
0x05A6	0x1903      	BTFSC      STATUS, 2
0x05A7	0x2D00      	GOTO       L_Os_scheduler31
0x05A8	0x3000      	MOVLW      0
0x05A9	0x3A02      	XORLW      2
0x05AA	0x1D03      	BTFSS      STATUS, 2
0x05AB	0x2DAE      	GOTO       L__Os_scheduler77
0x05AC	0x306C      	MOVLW      108
0x05AD	0x0629      	XORWF      Os_timer_count, 0
L__Os_scheduler77:
0x05AE	0x1903      	BTFSC      STATUS, 2
0x05AF	0x2D00      	GOTO       L_Os_scheduler32
0x05B0	0x3000      	MOVLW      0
0x05B1	0x3A02      	XORLW      2
0x05B2	0x1D03      	BTFSS      STATUS, 2
0x05B3	0x2DB6      	GOTO       L__Os_scheduler78
0x05B4	0x3080      	MOVLW      128
0x05B5	0x0629      	XORWF      Os_timer_count, 0
L__Os_scheduler78:
0x05B6	0x1903      	BTFSC      STATUS, 2
0x05B7	0x2D00      	GOTO       L_Os_scheduler33
0x05B8	0x3000      	MOVLW      0
0x05B9	0x3A02      	XORLW      2
0x05BA	0x1D03      	BTFSS      STATUS, 2
0x05BB	0x2DBE      	GOTO       L__Os_scheduler79
0x05BC	0x3094      	MOVLW      148
0x05BD	0x0629      	XORWF      Os_timer_count, 0
L__Os_scheduler79:
0x05BE	0x1903      	BTFSC      STATUS, 2
0x05BF	0x2D00      	GOTO       L_Os_scheduler34
0x05C0	0x3000      	MOVLW      0
0x05C1	0x3A02      	XORLW      2
0x05C2	0x1D03      	BTFSS      STATUS, 2
0x05C3	0x2DC6      	GOTO       L__Os_scheduler80
0x05C4	0x30A8      	MOVLW      168
0x05C5	0x0629      	XORWF      Os_timer_count, 0
L__Os_scheduler80:
0x05C6	0x1903      	BTFSC      STATUS, 2
0x05C7	0x2D00      	GOTO       L_Os_scheduler35
0x05C8	0x3000      	MOVLW      0
0x05C9	0x3A02      	XORLW      2
0x05CA	0x1D03      	BTFSS      STATUS, 2
0x05CB	0x2DCE      	GOTO       L__Os_scheduler81
0x05CC	0x30D0      	MOVLW      208
0x05CD	0x0629      	XORWF      Os_timer_count, 0
L__Os_scheduler81:
0x05CE	0x1903      	BTFSC      STATUS, 2
0x05CF	0x2D00      	GOTO       L_Os_scheduler36
0x05D0	0x3000      	MOVLW      0
0x05D1	0x3A02      	XORLW      2
0x05D2	0x1D03      	BTFSS      STATUS, 2
0x05D3	0x2DD6      	GOTO       L__Os_scheduler82
0x05D4	0x30E4      	MOVLW      228
0x05D5	0x0629      	XORWF      Os_timer_count, 0
L__Os_scheduler82:
0x05D6	0x1903      	BTFSC      STATUS, 2
0x05D7	0x2D00      	GOTO       L_Os_scheduler37
0x05D8	0x3000      	MOVLW      0
0x05D9	0x3A02      	XORLW      2
0x05DA	0x1D03      	BTFSS      STATUS, 2
0x05DB	0x2DDE      	GOTO       L__Os_scheduler83
0x05DC	0x30F8      	MOVLW      248
0x05DD	0x0629      	XORWF      Os_timer_count, 0
L__Os_scheduler83:
0x05DE	0x1903      	BTFSC      STATUS, 2
0x05DF	0x2D00      	GOTO       L_Os_scheduler38
0x05E0	0x3000      	MOVLW      0
0x05E1	0x3A03      	XORLW      3
0x05E2	0x1D03      	BTFSS      STATUS, 2
0x05E3	0x2DE6      	GOTO       L__Os_scheduler84
0x05E4	0x300C      	MOVLW      12
0x05E5	0x0629      	XORWF      Os_timer_count, 0
L__Os_scheduler84:
0x05E6	0x1903      	BTFSC      STATUS, 2
0x05E7	0x2D00      	GOTO       L_Os_scheduler39
0x05E8	0x3000      	MOVLW      0
0x05E9	0x3A03      	XORLW      3
0x05EA	0x1D03      	BTFSS      STATUS, 2
0x05EB	0x2DEE      	GOTO       L__Os_scheduler85
0x05EC	0x3034      	MOVLW      52
0x05ED	0x0629      	XORWF      Os_timer_count, 0
L__Os_scheduler85:
0x05EE	0x1903      	BTFSC      STATUS, 2
0x05EF	0x2D00      	GOTO       L_Os_scheduler40
0x05F0	0x3000      	MOVLW      0
0x05F1	0x3A03      	XORLW      3
0x05F2	0x1D03      	BTFSS      STATUS, 2
0x05F3	0x2DF6      	GOTO       L__Os_scheduler86
0x05F4	0x3048      	MOVLW      72
0x05F5	0x0629      	XORWF      Os_timer_count, 0
L__Os_scheduler86:
0x05F6	0x1903      	BTFSC      STATUS, 2
0x05F7	0x2D00      	GOTO       L_Os_scheduler41
0x05F8	0x3000      	MOVLW      0
0x05F9	0x3A03      	XORLW      3
0x05FA	0x1D03      	BTFSS      STATUS, 2
0x05FB	0x2DFE      	GOTO       L__Os_scheduler87
0x05FC	0x305C      	MOVLW      92
0x05FD	0x0629      	XORWF      Os_timer_count, 0
L__Os_scheduler87:
0x05FE	0x1903      	BTFSC      STATUS, 2
0x05FF	0x2D00      	GOTO       L_Os_scheduler42
0x0600	0x3000      	MOVLW      0
0x0601	0x3A03      	XORLW      3
0x0602	0x1D03      	BTFSS      STATUS, 2
0x0603	0x2E06      	GOTO       L__Os_scheduler88
0x0604	0x3070      	MOVLW      112
0x0605	0x0629      	XORWF      Os_timer_count, 0
L__Os_scheduler88:
0x0606	0x1903      	BTFSC      STATUS, 2
0x0607	0x2D00      	GOTO       L_Os_scheduler43
0x0608	0x3000      	MOVLW      0
0x0609	0x3A03      	XORLW      3
0x060A	0x1D03      	BTFSS      STATUS, 2
0x060B	0x2E0E      	GOTO       L__Os_scheduler89
0x060C	0x3098      	MOVLW      152
0x060D	0x0629      	XORWF      Os_timer_count, 0
L__Os_scheduler89:
0x060E	0x1903      	BTFSC      STATUS, 2
0x060F	0x2D00      	GOTO       L_Os_scheduler44
0x0610	0x3000      	MOVLW      0
0x0611	0x3A03      	XORLW      3
0x0612	0x1D03      	BTFSS      STATUS, 2
0x0613	0x2E16      	GOTO       L__Os_scheduler90
0x0614	0x30AC      	MOVLW      172
0x0615	0x0629      	XORWF      Os_timer_count, 0
L__Os_scheduler90:
0x0616	0x1903      	BTFSC      STATUS, 2
0x0617	0x2D00      	GOTO       L_Os_scheduler45
0x0618	0x3000      	MOVLW      0
0x0619	0x3A03      	XORLW      3
0x061A	0x1D03      	BTFSS      STATUS, 2
0x061B	0x2E1E      	GOTO       L__Os_scheduler91
0x061C	0x30C0      	MOVLW      192
0x061D	0x0629      	XORWF      Os_timer_count, 0
L__Os_scheduler91:
0x061E	0x1903      	BTFSC      STATUS, 2
0x061F	0x2D00      	GOTO       L_Os_scheduler46
0x0620	0x3000      	MOVLW      0
0x0621	0x3A03      	XORLW      3
0x0622	0x1D03      	BTFSS      STATUS, 2
0x0623	0x2E26      	GOTO       L__Os_scheduler92
0x0624	0x30D4      	MOVLW      212
0x0625	0x0629      	XORWF      Os_timer_count, 0
L__Os_scheduler92:
0x0626	0x1903      	BTFSC      STATUS, 2
0x0627	0x2D00      	GOTO       L_Os_scheduler47
0x0628	0x0829      	MOVF       Os_timer_count, 0
0x0629	0x3A64      	XORLW      100
0x062A	0x1903      	BTFSC      STATUS, 2
0x062B	0x2D04      	GOTO       L_Os_scheduler48
0x062C	0x0829      	MOVF       Os_timer_count, 0
0x062D	0x3AC8      	XORLW      200
0x062E	0x1903      	BTFSC      STATUS, 2
0x062F	0x2D04      	GOTO       L_Os_scheduler49
0x0630	0x3000      	MOVLW      0
0x0631	0x3A01      	XORLW      1
0x0632	0x1D03      	BTFSS      STATUS, 2
0x0633	0x2E36      	GOTO       L__Os_scheduler93
0x0634	0x302C      	MOVLW      44
0x0635	0x0629      	XORWF      Os_timer_count, 0
L__Os_scheduler93:
0x0636	0x1903      	BTFSC      STATUS, 2
0x0637	0x2D04      	GOTO       L_Os_scheduler50
0x0638	0x3000      	MOVLW      0
0x0639	0x3A01      	XORLW      1
0x063A	0x1D03      	BTFSS      STATUS, 2
0x063B	0x2E3E      	GOTO       L__Os_scheduler94
0x063C	0x3090      	MOVLW      144
0x063D	0x0629      	XORWF      Os_timer_count, 0
L__Os_scheduler94:
0x063E	0x1903      	BTFSC      STATUS, 2
0x063F	0x2D04      	GOTO       L_Os_scheduler51
0x0640	0x3000      	MOVLW      0
0x0641	0x3A01      	XORLW      1
0x0642	0x1D03      	BTFSS      STATUS, 2
0x0643	0x2E46      	GOTO       L__Os_scheduler95
0x0644	0x30F4      	MOVLW      244
0x0645	0x0629      	XORWF      Os_timer_count, 0
L__Os_scheduler95:
0x0646	0x1903      	BTFSC      STATUS, 2
0x0647	0x2D04      	GOTO       L_Os_scheduler52
0x0648	0x3000      	MOVLW      0
0x0649	0x3A02      	XORLW      2
0x064A	0x1D03      	BTFSS      STATUS, 2
0x064B	0x2E4E      	GOTO       L__Os_scheduler96
0x064C	0x3058      	MOVLW      88
0x064D	0x0629      	XORWF      Os_timer_count, 0
L__Os_scheduler96:
0x064E	0x1903      	BTFSC      STATUS, 2
0x064F	0x2D04      	GOTO       L_Os_scheduler53
0x0650	0x3000      	MOVLW      0
0x0651	0x3A02      	XORLW      2
0x0652	0x1D03      	BTFSS      STATUS, 2
0x0653	0x2E56      	GOTO       L__Os_scheduler97
0x0654	0x30BC      	MOVLW      188
0x0655	0x0629      	XORWF      Os_timer_count, 0
L__Os_scheduler97:
0x0656	0x1903      	BTFSC      STATUS, 2
0x0657	0x2D04      	GOTO       L_Os_scheduler54
0x0658	0x3000      	MOVLW      0
0x0659	0x3A03      	XORLW      3
0x065A	0x1D03      	BTFSS      STATUS, 2
0x065B	0x2E5E      	GOTO       L__Os_scheduler98
0x065C	0x3020      	MOVLW      32
0x065D	0x0629      	XORWF      Os_timer_count, 0
L__Os_scheduler98:
0x065E	0x1903      	BTFSC      STATUS, 2
0x065F	0x2D04      	GOTO       L_Os_scheduler55
0x0660	0x3000      	MOVLW      0
0x0661	0x3A03      	XORLW      3
0x0662	0x1D03      	BTFSS      STATUS, 2
0x0663	0x2E66      	GOTO       L__Os_scheduler99
0x0664	0x3084      	MOVLW      132
0x0665	0x0629      	XORWF      Os_timer_count, 0
L__Os_scheduler99:
0x0666	0x1903      	BTFSC      STATUS, 2
0x0667	0x2D04      	GOTO       L_Os_scheduler56
0x0668	0x3000      	MOVLW      0
0x0669	0x3A03      	XORLW      3
0x066A	0x1D03      	BTFSS      STATUS, 2
0x066B	0x2E6E      	GOTO       L__Os_scheduler100
0x066C	0x30E8      	MOVLW      232
0x066D	0x0629      	XORWF      Os_timer_count, 0
L__Os_scheduler100:
0x066E	0x1903      	BTFSC      STATUS, 2
0x066F	0x2D09      	GOTO       L_Os_scheduler57
L_Os_scheduler7:
0x0670	0x2E74      	GOTO       L_Os_scheduler58
L_Os_scheduler5:
0x0671	0x1683      	BSF        STATUS, 5
0x0672	0x1505      	BSF        TRISA, 2
0x0673	0x1585      	BSF        TRISA, 3
L_Os_scheduler58:
0x0674	0x2CF1      	GOTO       L_Os_scheduler0
L_end_Os_scheduler:
0x0675	0x0008      	RETURN
; end of _Os_scheduler
_Timer1_start:
0x0676	0x1283      	BCF        STATUS, 5
0x0677	0x1303      	BCF        STATUS, 6
0x0678	0x018E      	CLRF       TMR1L
0x0679	0x018F      	CLRF       TMR1H
0x067A	0x1210      	BCF        T1CKPS0_bit, BitPos(T1CKPS0_bit+0)
0x067B	0x1290      	BCF        T1CKPS1_bit, BitPos(T1CKPS1_bit+0)
0x067C	0x1090      	BCF        TMR1CS_bit, BitPos(TMR1CS_bit+0)
0x067D	0x1410      	BSF        TMR1ON_bit, BitPos(TMR1ON_bit+0)
0x067E	0x0863      	MOVF       FARG_Timer1_start_my_tick, 0
0x067F	0x0095      	MOVWF      CCPR1
0x0680	0x0196      	CLRF       CCPR1+1
0x0681	0x300B      	MOVLW      11
0x0682	0x0097      	MOVWF      CCP1CON
0x0683	0x1683      	BSF        STATUS, 5
0x0684	0x150C      	BSF        CCP1IE_bit, BitPos(CCP1IE_bit+0)
L_end_Timer1_start:
0x0685	0x0008      	RETURN
; end of _Timer1_start
_____DoICP:
0x0686	0x1283      	BCF        STATUS, 5
0x0687	0x1303      	BCF        STATUS, 6
0x0688	0x0862      	MOVF       ___DoICPAddr+1, 0
0x0689	0x008A      	MOVWF      PCLATH
0x068A	0x0861      	MOVF       ___DoICPAddr, 0
0x068B	0x0082      	MOVWF      PCL
L_end_____DoICP:
0x068C	0x0008      	RETURN
; end of _____DoICP
_Os_start:
0x068D	0x3090      	MOVLW      144
0x068E	0x1283      	BCF        STATUS, 5
0x068F	0x1303      	BCF        STATUS, 6
0x0690	0x00E3      	MOVWF      FARG_Timer1_start_my_tick
0x0691	0x2676      	CALL       _Timer1_start
0x0692	0x24EC      	CALL       _Init_Task
0x0693	0x24F1      	CALL       _Os_scheduler
L_end_Os_start:
0x0694	0x0008      	RETURN
; end of _Os_start
___CC2DW:
_CC2D_Loop1:
0x0695	0x2686      	CALL       _____DoICP
0x0696	0x118A      	BCF        PCLATH, 3
0x0697	0x120A      	BCF        PCLATH, 4
0x0698	0x0080      	MOVWF      INDF
0x0699	0x0A84      	INCF       FSR, 1
0x069A	0x0AE1      	INCF       ___DoICPAddr, 1
0x069B	0x1903      	BTFSC      STATUS, 2
0x069C	0x0AE2      	INCF       ___DoICPAddr+1, 1
0x069D	0x03F0      	DECF       R0, 1
0x069E	0x1D03      	BTFSS      STATUS, 2
0x069F	0x2E95      	GOTO       _CC2D_Loop1
L_end___CC2DW:
0x06A0	0x0008      	RETURN
; end of ___CC2DW
_Os_newTimerTick:
0x06A1	0x3014      	MOVLW      20
0x06A2	0x1283      	BCF        STATUS, 5
0x06A3	0x1303      	BCF        STATUS, 6
0x06A4	0x07A9      	ADDWF      Os_timer_count, 1
0x06A5	0x3001      	MOVLW      1
0x06A6	0x00A7      	MOVWF      Os_timer_flag
L_end_Os_newTimerTick:
0x06A7	0x0008      	RETURN
; end of _Os_newTimerTick
_main:
0x06A8	0x26D2      	CALL       1746
0x06A9	0x1683      	BSF        STATUS, 5
0x06AA	0x1303      	BCF        STATUS, 6
0x06AB	0x1689      	BSF        TRISE, 5
0x06AC	0x0188      	CLRF       TRISD
0x06AD	0x1406      	BSF        TRISB, 0
0x06AE	0x1486      	BSF        TRISB, 1
0x06AF	0x1106      	BCF        TRISB, 2
0x06B0	0x1283      	BCF        STATUS, 5
0x06B1	0x1106      	BCF        PORTB, 2
0x06B2	0x1683      	BSF        STATUS, 5
0x06B3	0x1107      	BCF        TRISC, 2
0x06B4	0x1283      	BCF        STATUS, 5
0x06B5	0x1107      	BCF        PORTC, 2
0x06B6	0x1683      	BSF        STATUS, 5
0x06B7	0x1287      	BCF        TRISC, 5
0x06B8	0x1283      	BCF        STATUS, 5
0x06B9	0x1287      	BCF        PORTC, 5
L_main0:
0x06BA	0x1A86      	BTFSC      RB5_bit, BitPos(RB5_bit+0)
0x06BB	0x2EBD      	GOTO       L_main1
0x06BC	0x2EBA      	GOTO       L_main0
L_main1:
0x06BD	0x3001      	MOVLW      1
0x06BE	0x00A3      	MOVWF      _elec_heater_flag
0x06BF	0x268D      	CALL       _Os_start
L_end_main:
0x06C0	0x2EC0      	GOTO       $+0
; end of _main
0x06D2	0x3023      	MOVLW      35
0x06D3	0x0084      	MOVWF      FSR
0x06D4	0x300C      	MOVLW      12
0x06D5	0x1283      	BCF        STATUS, 5
0x06D6	0x1303      	BCF        STATUS, 6
0x06D7	0x00F0      	MOVWF      R0
0x06D8	0x30C6      	MOVLW      198
0x06D9	0x00E1      	MOVWF      ___DoICPAddr
0x06DA	0x3006      	MOVLW      6
0x06DB	0x00E2      	MOVWF      98
0x06DC	0x2695      	CALL       1685
0x06DD	0x0008      	RETURN
;MyProject.c,0 :: ?ICS_elec_heater_flag
0x06C6	0x3400 ;?ICS_elec_heater_flag+0
; end of ?ICS_elec_heater_flag
;app.c,0 :: ?ICS_SSD_FLAG
0x06C7	0x3400 ;?ICS_SSD_FLAG+0
; end of ?ICS_SSD_FLAG
;app.c,0 :: ?ICS_count
0x06C8	0x3400 ;?ICS_count+0
; end of ?ICS_count
;app.c,0 :: ?ICS_heat_elem_flag
0x06C9	0x3400 ;?ICS_heat_elem_flag+0
; end of ?ICS_heat_elem_flag
;Os.c,0 :: ?ICSOs_timer_flag
0x06CA	0x3400 ;?ICSOs_timer_flag+0
; end of ?ICSOs_timer_flag
;__Lib_ADC_A_C.c,0 :: ?ICS_vref_mask
0x06CB	0x340F ;?ICS_vref_mask+0
; end of ?ICS_vref_mask
;Os.c,0 :: ?ICSOs_timer_count
0x06CC	0x3400 ;?ICSOs_timer_count+0
; end of ?ICSOs_timer_count
;__Lib_I2C_c34.c,0 :: ?ICS__Lib_I2C_c34__I2C1_TIMEOUT
0x06CD	0x3400 ;?ICS__Lib_I2C_c34__I2C1_TIMEOUT+0
0x06CE	0x3400 ;?ICS__Lib_I2C_c34__I2C1_TIMEOUT+1
0x06CF	0x3400 ;?ICS__Lib_I2C_c34__I2C1_TIMEOUT+2
0x06D0	0x3400 ;?ICS__Lib_I2C_c34__I2C1_TIMEOUT+3
; end of ?ICS__Lib_I2C_c34__I2C1_TIMEOUT
;app.c,0 :: ?ICS_setmode_flag
0x06D1	0x3400 ;?ICS_setmode_flag+0
; end of ?ICS_setmode_flag
Symbol List:
//** Routines locations **
//ADDRESS    SIZE    PROCEDURE
//----------------------------------------------
0x0004      [15]    _interrupt
0x0013       [7]    _____DoIFC
0x001A       [7]    _RES032
0x0021      [13]    _SPI1_Write
0x002E       [4]    _FIXSIGN32
0x0032      [16]    _I2C1_Is_Idle
0x0042      [12]    _SETFUN32
0x004E       [3]    _SETFDZ32
0x0051      [12]    _SETFOV32
0x005D      [88]    _I2C1_Start
0x00B5      [13]    _SETIOV3224
0x00C2      [47]    _NRM3232
0x00F1     [113]    _I2C1_Wr
0x0162       [8]    _Delay_22us
0x016A       [4]    _I2C1_Stop
0x016E      [53]    _I2C1_Init
0x01A3      [40]    _ADC_Read
0x01CB      [18]    _EEPROM_writeByte
0x01DD     [183]    _Div_32x32_FP
0x0294      [22]    _word2double
0x02AA      [29]    _Div_16X16_U
0x02C7      [25]    _Mul_8X8_U
0x02E0      [95]    _double2word
0x033F      [43]    _Mul_16X16_U
0x036A     [202]    _ADC_Task
0x0434      [18]    _Heater_Led_Task
0x0446      [23]    _SSD_TASK
0x045D      [22]    _ADC_Init
0x0473       [6]    _EEPROM_init
0x0479     [115]    _up_down_ButtonTask
0x04EC       [5]    _Init_Task
0x04F1     [389]    _Os_scheduler
0x0676      [16]    _Timer1_start
0x0686       [7]    _____DoICP
0x068D       [8]    _Os_start
0x0695      [12]    ___CC2DW
0x06A1       [7]    _Os_newTimerTick
0x06A8      [24]    _main
//** Variables locations ** 
//ADDRESS    SIZE    VARIABLE
//----------------------------------------------
0x0000       [1]    INDF
0x0002       [1]    PCL
0x0003       [1]    STATUS
0x0004       [1]    FSR
0x0006       [0]    RB0_bit
0x0006       [0]    RB1_bit
0x0006       [0]    RB5_bit
0x0006       [1]    PORTB
0x0007       [0]    RC2_bit
0x0007       [0]    RC5_bit
0x0007       [1]    PORTC
0x0008       [1]    PORTD
0x000A       [1]    PCLATH
0x000B       [0]    GIE_bit
0x000B       [0]    PEIE_bit
0x000C       [1]    PIR1
0x000E       [1]    TMR1L
0x000F       [1]    TMR1H
0x0010       [0]    T1CKPS0_bit
0x0010       [0]    T1CKPS1_bit
0x0010       [0]    TMR1ON_bit
0x0010       [0]    TMR1CS_bit
0x0013       [1]    SSPBUF
0x0014       [1]    SSPCON
0x0015       [2]    CCPR1
0x0017       [1]    CCP1CON
0x001E       [1]    ADRESH
0x001F       [1]    ADCON0
0x0020       [1]    __math_tempbD
0x0021       [1]    FARG_I2C1_Wr_data_
0x0022       [1]    FARG_SPI1_Write_data_
0x0023       [1]    _elec_heater_flag
0x0024       [1]    _SSD_FLAG
0x0025       [1]    _count
0x0026       [1]    _heat_elem_flag
0x0027       [1]    Os_timer_flag
0x0028       [1]    _vref_mask
0x0029       [1]    Os_timer_count
0x002A       [4]    __Lib_I2C_c34__I2C1_TIMEOUT
0x002E       [1]    _setmode_flag
0x002F       [1]    _set_temp
0x0030       [1]    _average
0x0031       [1]    ___saveSTATUS
0x0032       [1]    ___savePCLATH
0x0033      [20]    _read
0x0047       [1]    _temp2
0x0048       [1]    _temp1
0x0049       [3]    _I2C_Restart_Ptr
0x004C       [3]    _I2C_Start_Ptr
0x004F       [3]    _I2C_Read_Ptr
0x0052       [3]    _I2C_Stop_Ptr
0x0055       [3]    _I2C_Write_Ptr
0x0058       [3]    _I2C_Is_Idle_Ptr
0x005B       [3]    _ADC_Get_Sample_Ptr
0x005E       [3]    _I2C1_Timeout_Ptr
0x0061       [2]    ___DoICPAddr
0x0063       [1]    FARG_Timer1_start_my_tick
0x0064       [2]    FLOC__ADC_Task
0x0066       [4]    FARG_I2C1_Init_clock
0x0066       [1]    FARG_ADC_Read_channel
0x0066       [1]    FARG_EEPROM_writeByte_my_data
0x0067       [1]    FARG_EEPROM_writeByte_add
0x006A       [2]    I2C1_Start_j_L0
0x006A       [4]    I2C1_Wr_timeout_L0
0x006C       [4]    I2C1_Start_timeout_L0
0x0070       [1]    R0
0x0071       [1]    R1
0x0072       [1]    R2
0x0073       [1]    R3
0x0074       [1]    R4
0x0075       [1]    R5
0x0076       [1]    R6
0x0077       [1]    R7
0x0078       [1]    R8
0x0079       [1]    R9
0x007A       [1]    R10
0x007B       [1]    R11
0x007C       [1]    R12
0x007D       [1]    R13
0x007E       [1]    R14
0x007F       [1]    R15
0x0085       [1]    TRISA
0x0086       [1]    TRISB
0x0087       [1]    TRISC
0x0087       [0]    TRISC4_bit
0x0087       [0]    TRISC3_bit
0x0088       [1]    TRISD
0x0089       [1]    TRISE
0x008C       [0]    CCP1IE_bit
0x0091       [1]    SSPCON2
0x0093       [1]    SSPADD
0x0094       [1]    SSPSTAT
0x009E       [1]    ADRESL
0x009F       [1]    ADCON1
//** Constants locations ** 
//ADDRESS    SIZE    CONSTANT
//----------------------------------------------
0x06C6       [1]    ?ICS_elec_heater_flag
0x06C7       [1]    ?ICS_SSD_FLAG
0x06C8       [1]    ?ICS_count
0x06C9       [1]    ?ICS_heat_elem_flag
0x06CA       [1]    ?ICSOs_timer_flag
0x06CB       [1]    ?ICS_vref_mask
0x06CC       [1]    ?ICSOs_timer_count
0x06CD       [4]    ?ICS__Lib_I2C_c34__I2C1_TIMEOUT
0x06D1       [1]    ?ICS_setmode_flag
